TN:
SF:C:\Users\leo.maradan\Code\github\leomaradan\ewo-node\src\index.ts
FNF:0
FNH:0
DA:6,0
DA:7,0
DA:8,0
DA:9,0
DA:10,0
DA:12,0
DA:26,0
DA:28,0
DA:30,0
DA:32,0
DA:34,0
DA:36,0
DA:38,0
LF:13
LH:0
BRF:0
BRH:0
end_of_record
TN:
SF:C:\Users\leo.maradan\Code\github\leomaradan\ewo-node\src\client\App.tsx
FN:9,(anonymous_1)
FNF:1
FNH:0
FNDA:0,(anonymous_1)
DA:6,0
DA:7,0
DA:9,0
DA:10,0
LF:4
LH:0
BRF:0
BRH:0
end_of_record
TN:
SF:C:\Users\leo.maradan\Code\github\leomaradan\ewo-node\src\client\actions.ts
FN:8,(anonymous_0)
FN:17,(anonymous_1)
FN:22,(anonymous_2)
FN:28,(anonymous_3)
FN:33,(anonymous_4)
FN:33,(anonymous_5)
FNF:6
FNH:2
FNDA:3,(anonymous_0)
FNDA:0,(anonymous_1)
FNDA:0,(anonymous_2)
FNDA:12,(anonymous_3)
FNDA:0,(anonymous_4)
FNDA:0,(anonymous_5)
DA:8,3
DA:9,3
DA:10,3
DA:11,3
DA:12,3
DA:13,3
DA:14,3
DA:17,3
DA:22,3
DA:28,12
DA:33,3
DA:34,0
LF:12
LH:11
BRDA:8,0,0,3
BRDA:8,0,1,3
BRF:2
BRH:2
end_of_record
TN:
SF:C:\Users\leo.maradan\Code\github\leomaradan\ewo-node\src\client\index.tsx
FN:20,(anonymous_2)
FN:20,(anonymous_3)
FN:20,(anonymous_4)
FNF:3
FNH:0
FNDA:0,(anonymous_2)
FNDA:0,(anonymous_3)
FNDA:0,(anonymous_4)
DA:6,0
DA:7,0
DA:8,0
DA:9,0
DA:10,0
DA:11,0
DA:12,0
DA:13,0
DA:14,0
DA:16,0
DA:17,0
DA:20,0
DA:21,0
DA:22,0
DA:24,0
DA:25,0
DA:27,0
DA:28,0
DA:31,0
DA:34,0
DA:36,0
DA:37,0
DA:49,0
LF:23
LH:0
BRDA:21,0,0,0
BRDA:21,0,1,0
BRDA:24,1,0,0
BRDA:24,1,1,0
BRDA:27,2,0,0
BRDA:27,2,1,0
BRDA:36,3,0,0
BRDA:36,3,1,0
BRF:8
BRH:0
end_of_record
TN:
SF:C:\Users\leo.maradan\Code\github\leomaradan\ewo-node\src\client\provider.tsx
FN:8,(anonymous_1)
FNF:1
FNH:1
FNDA:12,(anonymous_1)
DA:5,3
DA:6,3
DA:8,3
DA:9,12
LF:4
LH:4
BRF:0
BRH:0
end_of_record
TN:
SF:C:\Users\leo.maradan\Code\github\leomaradan\ewo-node\src\client\reducers.ts
FN:27,(anonymous_0)
FNF:1
FNH:1
FNDA:15,(anonymous_0)
DA:9,3
DA:20,3
DA:27,3
DA:28,15
DA:30,0
DA:32,0
DA:34,12
DA:37,3
DA:40,3
LF:9
LH:7
BRDA:27,0,0,0
BRDA:29,1,0,0
BRDA:29,1,1,0
BRDA:29,1,2,12
BRF:4
BRH:1
end_of_record
TN:
SF:C:\Users\leo.maradan\Code\github\leomaradan\ewo-node\src\client\router.tsx
FN:12,(anonymous_1)
FN:14,(anonymous_2)
FN:21,(anonymous_3)
FNF:3
FNH:0
FNDA:0,(anonymous_1)
FNDA:0,(anonymous_2)
FNDA:0,(anonymous_3)
DA:6,0
DA:7,0
DA:8,0
DA:9,0
DA:10,0
DA:12,0
DA:14,0
DA:15,0
DA:21,0
LF:9
LH:0
BRF:0
BRH:0
end_of_record
TN:
SF:C:\Users\leo.maradan\Code\github\leomaradan\ewo-node\src\client\selector.ts
FN:10,(anonymous_0)
FN:11,(anonymous_1)
FN:12,(anonymous_2)
FN:16,(anonymous_3)
FN:35,(anonymous_4)
FNF:5
FNH:5
FNDA:16,(anonymous_0)
FNDA:12,(anonymous_1)
FNDA:4,(anonymous_2)
FNDA:12,(anonymous_3)
FNDA:4,(anonymous_4)
DA:7,3
DA:10,16
DA:11,12
DA:12,4
DA:14,3
DA:18,12
DA:19,9
DA:20,9
DA:23,0
DA:24,0
DA:25,0
DA:29,3
DA:33,3
DA:36,4
DA:37,2
DA:40,2
LF:16
LH:13
BRDA:18,0,0,9
BRDA:18,0,1,3
BRDA:19,1,0,9
BRDA:19,1,1,0
BRDA:24,2,0,0
BRDA:24,2,1,0
BRDA:36,3,0,2
BRDA:36,3,1,2
BRF:8
BRH:5
end_of_record
TN:
SF:C:\Users\leo.maradan\Code\github\leomaradan\ewo-node\src\client\store.ts
FN:11,(anonymous_1)
FN:25,(anonymous_2)
FNF:2
FNH:1
FNDA:3,(anonymous_1)
FNDA:0,(anonymous_2)
DA:6,3
DA:7,3
DA:8,3
DA:9,3
DA:11,3
DA:13,3
DA:15,3
DA:16,0
DA:19,3
DA:21,3
DA:23,0
DA:25,0
DA:26,0
DA:29,0
DA:31,0
DA:32,0
DA:33,0
DA:34,0
DA:37,0
DA:38,0
DA:41,3
LF:21
LH:10
BRDA:15,0,0,0
BRDA:15,0,1,3
BRDA:21,1,0,0
BRDA:21,1,1,3
BRDA:31,2,0,0
BRDA:31,2,1,0
BRF:6
BRH:2
end_of_record
TN:
SF:C:\Users\leo.maradan\Code\github\leomaradan\ewo-node\src\client\Game\CharacterPage.tsx
FN:46,(anonymous_1)
FN:72,(anonymous_2)
FN:76,(anonymous_3)
FN:85,(anonymous_4)
FN:91,(anonymous_5)
FN:92,(anonymous_6)
FNF:6
FNH:0
FNDA:0,(anonymous_1)
FNDA:0,(anonymous_2)
FNDA:0,(anonymous_3)
FNDA:0,(anonymous_4)
FNDA:0,(anonymous_5)
FNDA:0,(anonymous_6)
DA:5,0
DA:6,0
DA:8,0
DA:10,0
DA:11,0
DA:12,0
DA:13,0
DA:45,0
DA:48,0
DA:50,0
DA:51,0
DA:54,0
DA:55,0
DA:58,0
DA:59,0
DA:62,0
DA:73,0
DA:77,0
DA:78,0
DA:79,0
DA:81,0
DA:85,0
DA:91,0
DA:92,0
DA:95,0
LF:25
LH:0
BRDA:50,0,0,0
BRDA:50,0,1,0
BRDA:54,1,0,0
BRDA:54,1,1,0
BRDA:58,2,0,0
BRDA:58,2,1,0
BRDA:77,3,0,0
BRDA:77,3,1,0
BRF:8
BRH:0
end_of_record
TN:
SF:C:\Users\leo.maradan\Code\github\leomaradan\ewo-node\src\client\Game\CharactersList.tsx
FN:22,(anonymous_1)
FN:55,(anonymous_2)
FN:64,(anonymous_3)
FN:83,(anonymous_4)
FNF:4
FNH:0
FNDA:0,(anonymous_1)
FNDA:0,(anonymous_2)
FNDA:0,(anonymous_3)
FNDA:0,(anonymous_4)
DA:8,0
DA:9,0
DA:10,0
DA:20,0
DA:23,0
DA:25,0
DA:26,0
DA:29,0
DA:30,0
DA:33,0
DA:34,0
DA:37,0
DA:56,0
DA:65,0
DA:83,0
DA:90,0
LF:16
LH:0
BRDA:25,0,0,0
BRDA:25,0,1,0
BRDA:29,1,0,0
BRDA:29,1,1,0
BRDA:33,2,0,0
BRDA:33,2,1,0
BRF:6
BRH:0
end_of_record
TN:
SF:C:\Users\leo.maradan\Code\github\leomaradan\ewo-node\src\client\Game\Actions\Actions.tsx
FN:8,(anonymous_1)
FNF:1
FNH:1
FNDA:1,(anonymous_1)
DA:6,1
DA:8,1
DA:9,1
LF:3
LH:3
BRF:0
BRH:0
end_of_record
TN:
SF:C:\Users\leo.maradan\Code\github\leomaradan\ewo-node\src\client\Game\Actions\index.ts
FNF:0
FNH:0
DA:7,1
LF:1
LH:1
BRF:0
BRH:0
end_of_record
TN:
SF:C:\Users\leo.maradan\Code\github\leomaradan\ewo-node\src\client\Game\Infos\Endurance.tsx
FN:21,(anonymous_1)
FN:26,(anonymous_2)
FN:76,(anonymous_3)
FNF:3
FNH:3
FNDA:8,(anonymous_1)
FNDA:14,(anonymous_2)
FNDA:10,(anonymous_3)
DA:7,1
DA:9,1
DA:10,1
DA:20,1
DA:22,8
DA:23,8
DA:28,14
DA:29,5
DA:32,9
DA:33,9
DA:35,9
DA:36,6
DA:50,3
DA:51,3
DA:52,0
DA:55,3
DA:56,3
DA:58,3
DA:76,10
DA:80,1
LF:20
LH:19
BRDA:28,0,0,5
BRDA:28,0,1,9
BRDA:35,1,0,6
BRDA:35,1,1,3
BRDA:51,2,0,0
BRDA:51,2,1,3
BRF:6
BRH:5
end_of_record
TN:
SF:C:\Users\leo.maradan\Code\github\leomaradan\ewo-node\src\client\Game\Infos\Infos.tsx
FN:10,(anonymous_1)
FNF:1
FNH:1
FNDA:4,(anonymous_1)
DA:6,1
DA:7,1
DA:8,1
DA:10,1
DA:11,4
DA:20,1
LF:6
LH:6
BRF:0
BRH:0
end_of_record
TN:
SF:C:\Users\leo.maradan\Code\github\leomaradan\ewo-node\src\client\Game\Infos\Position.tsx
FN:17,(anonymous_1)
FN:32,(anonymous_2)
FNF:2
FNH:2
FNDA:13,(anonymous_1)
FNDA:10,(anonymous_2)
DA:7,1
DA:9,1
DA:10,1
DA:11,1
DA:17,1
DA:19,13
DA:20,5
DA:24,8
DA:25,5
DA:26,5
DA:27,5
DA:29,3
DA:32,10
DA:36,1
LF:14
LH:14
BRDA:19,0,0,5
BRDA:19,0,1,8
BRDA:24,1,0,5
BRDA:24,1,1,3
BRF:4
BRH:4
end_of_record
TN:
SF:C:\Users\leo.maradan\Code\github\leomaradan\ewo-node\src\client\Game\Infos\ScreenName.tsx
FN:16,(anonymous_1)
FN:30,(anonymous_2)
FNF:2
FNH:2
FNDA:12,(anonymous_1)
FNDA:10,(anonymous_2)
DA:7,1
DA:9,1
DA:10,1
DA:16,1
DA:18,12
DA:19,5
DA:21,7
DA:23,7
DA:30,10
DA:34,1
LF:10
LH:10
BRDA:18,0,0,5
BRDA:18,0,1,7
BRF:2
BRH:2
end_of_record
TN:
SF:C:\Users\leo.maradan\Code\github\leomaradan\ewo-node\src\client\Game\Infos\index.ts
FNF:0
FNH:0
DA:7,1
DA:8,1
DA:9,1
DA:10,1
LF:4
LH:4
BRF:0
BRH:0
end_of_record
TN:
SF:C:\Users\leo.maradan\Code\github\leomaradan\ewo-node\src\client\Game\States\Bar.tsx
FN:47,(anonymous_2)
FN:56,(anonymous_3)
FN:79,(anonymous_4)
FN:106,(anonymous_5)
FN:124,(anonymous_6)
FNF:5
FNH:5
FNDA:9,(anonymous_2)
FNDA:30,(anonymous_3)
FNDA:105,(anonymous_4)
FNDA:290,(anonymous_5)
FNDA:144,(anonymous_6)
DA:6,1
DA:47,9
DA:56,30
DA:57,30
DA:58,30
DA:59,18
DA:62,30
DA:64,30
DA:65,21
DA:68,30
DA:79,105
DA:80,105
DA:81,105
DA:83,105
DA:84,9
DA:95,96
DA:106,1
DA:107,290
DA:109,18
DA:111,12
DA:113,120
DA:115,114
DA:117,14
DA:120,12
DA:124,1
DA:125,144
DA:126,144
DA:127,144
DA:128,2
DA:131,144
DA:133,144
LF:31
LH:31
BRDA:49,0,0,8
BRDA:49,0,1,1
BRDA:57,1,0,12
BRDA:57,1,1,18
BRDA:58,2,0,18
BRDA:58,2,1,12
BRDA:59,3,0,4
BRDA:59,3,1,14
BRDA:64,4,0,21
BRDA:64,4,1,9
BRDA:64,5,0,30
BRDA:64,5,1,9
BRDA:83,6,0,9
BRDA:83,6,1,96
BRDA:108,7,0,18
BRDA:108,7,1,12
BRDA:108,7,2,120
BRDA:108,7,3,114
BRDA:108,7,4,14
BRDA:108,7,5,12
BRDA:108,7,6,12
BRDA:125,8,0,36
BRDA:125,8,1,108
BRDA:127,9,0,2
BRDA:127,9,1,142
BRDA:127,10,0,144
BRDA:127,10,1,108
BRDA:127,10,2,15
BRDA:127,10,3,11
BRDA:131,11,0,42
BRDA:131,11,1,102
BRDA:140,12,0,144
BRDA:140,12,1,144
BRDA:141,13,0,144
BRDA:141,13,1,39
BRDA:143,14,0,69
BRDA:143,14,1,75
BRDA:143,15,0,144
BRDA:143,15,1,75
BRDA:148,16,0,69
BRDA:148,16,1,69
BRDA:149,17,0,69
BRDA:149,17,1,9
BRF:43
BRH:43
end_of_record
TN:
SF:C:\Users\leo.maradan\Code\github\leomaradan\ewo-node\src\client\Game\States\States.tsx
FN:18,(anonymous_1)
FN:22,(anonymous_2)
FN:36,(anonymous_3)
FNF:3
FNH:2
FNDA:10,(anonymous_1)
FNDA:10,(anonymous_2)
FNDA:0,(anonymous_3)
DA:7,1
DA:9,1
DA:10,1
DA:11,1
DA:18,10
DA:22,1
DA:24,10
DA:26,10
DA:27,4
DA:30,6
DA:35,6
DA:38,0
DA:39,0
DA:41,0
DA:44,0
DA:48,6
DA:87,1
LF:17
LH:13
BRDA:26,0,0,4
BRDA:26,0,1,6
BRDA:38,1,0,0
BRDA:38,1,1,0
BRF:4
BRH:2
end_of_record
TN:
SF:C:\Users\leo.maradan\Code\github\leomaradan\ewo-node\src\client\Game\States\index.ts
FNF:0
FNH:0
DA:7,1
DA:8,1
LF:2
LH:2
BRF:0
BRH:0
end_of_record
TN:
SF:C:\Users\leo.maradan\Code\github\leomaradan\ewo-node\src\client\Game\Views\Views.tsx
FN:33,(anonymous_2)
FN:39,(anonymous_3)
FN:53,(anonymous_4)
FN:74,(anonymous_5)
FN:78,(anonymous_6)
FN:125,(anonymous_7)
FN:139,(anonymous_8)
FN:150,(anonymous_9)
FN:162,(anonymous_10)
FN:193,(anonymous_11)
FN:212,(anonymous_12)
FN:217,(anonymous_13)
FN:222,(anonymous_14)
FNF:13
FNH:10
FNDA:5,(anonymous_2)
FNDA:11,(anonymous_3)
FNDA:5,(anonymous_4)
FNDA:40,(anonymous_5)
FNDA:0,(anonymous_6)
FNDA:5,(anonymous_7)
FNDA:428,(anonymous_8)
FNDA:0,(anonymous_9)
FNDA:7,(anonymous_10)
FNDA:428,(anonymous_11)
FNDA:0,(anonymous_12)
FNDA:10,(anonymous_13)
FNDA:4,(anonymous_14)
DA:7,1
DA:8,1
DA:9,1
DA:10,1
DA:11,1
DA:12,1
DA:13,1
DA:31,1
DA:34,5
DA:36,5
DA:41,11
DA:42,4
DA:45,7
DA:54,5
DA:55,5
DA:56,5
DA:57,5
DA:58,5
DA:60,5
DA:61,95
DA:62,95
DA:65,5
DA:66,95
DA:67,95
DA:70,5
DA:76,40
DA:78,40
DA:79,40
DA:81,40
DA:83,40
DA:85,5
DA:86,5
DA:88,5
DA:89,5
DA:91,5
DA:92,5
DA:94,5
DA:95,5
DA:97,5
DA:98,5
DA:100,5
DA:101,5
DA:103,5
DA:104,5
DA:106,5
DA:107,5
DA:110,40
DA:119,40
DA:122,0
DA:127,5
DA:128,5
DA:129,5
DA:130,5
DA:131,5
DA:132,5
DA:133,5
DA:134,5
DA:136,5
DA:140,428
DA:142,428
DA:143,380
DA:145,40
DA:146,40
DA:150,0
DA:154,0
DA:155,8
DA:159,0
DA:164,7
DA:166,7
DA:167,2
DA:170,5
DA:171,5
DA:173,5
DA:180,5
DA:187,5
DA:189,5
DA:191,5
DA:195,428
DA:196,428
DA:197,428
DA:213,0
DA:217,10
DA:222,4
DA:226,1
LF:84
LH:79
BRDA:41,0,0,4
BRDA:41,0,1,7
BRDA:78,1,0,0
BRDA:78,1,1,0
BRDA:78,1,2,0
BRDA:79,2,0,40
BRDA:79,2,1,0
BRDA:84,3,0,5
BRDA:84,3,1,5
BRDA:84,3,2,5
BRDA:84,3,3,5
BRDA:84,3,4,5
BRDA:84,3,5,5
BRDA:84,3,6,5
BRDA:84,3,7,5
BRDA:140,4,0,428
BRDA:140,4,1,0
BRDA:143,5,0,380
BRDA:143,5,1,40
BRDA:143,5,2,8
BRDA:145,6,0,40
BRDA:145,6,1,0
BRDA:166,7,0,2
BRDA:166,7,1,5
BRF:24
BRH:18
end_of_record
TN:
SF:C:\Users\leo.maradan\Code\github\leomaradan\ewo-node\src\client\Game\Views\index.ts
FNF:0
FNH:0
DA:7,1
LF:1
LH:1
BRF:0
BRH:0
end_of_record
TN:
SF:C:\Users\leo.maradan\Code\github\leomaradan\ewo-node\src\client\socket\actions.ts
FN:11,(anonymous_0)
FN:20,(anonymous_1)
FN:29,(anonymous_2)
FNF:3
FNH:0
FNDA:0,(anonymous_0)
FNDA:0,(anonymous_1)
FNDA:0,(anonymous_2)
DA:7,1
DA:9,1
DA:11,1
DA:20,1
DA:29,1
LF:5
LH:5
BRF:0
BRH:0
end_of_record
TN:
SF:C:\Users\leo.maradan\Code\github\leomaradan\ewo-node\src\client\socket\receiver.ts
FN:11,(anonymous_0)
FN:12,(anonymous_1)
FN:16,(anonymous_2)
FN:18,(anonymous_3)
FNF:4
FNH:0
FNDA:0,(anonymous_0)
FNDA:0,(anonymous_1)
FNDA:0,(anonymous_2)
FNDA:0,(anonymous_3)
DA:8,0
DA:9,0
DA:11,0
DA:12,0
DA:13,0
DA:16,0
DA:17,0
DA:18,0
DA:19,0
LF:9
LH:0
BRF:0
BRH:0
end_of_record
TN:
SF:C:\Users\leo.maradan\Code\github\leomaradan\ewo-node\src\client\socket\sender.ts
FN:19,(anonymous_0)
FN:20,(anonymous_1)
FN:25,(anonymous_2)
FN:26,(anonymous_3)
FN:27,(anonymous_4)
FNF:5
FNH:0
FNDA:0,(anonymous_0)
FNDA:0,(anonymous_1)
FNDA:0,(anonymous_2)
FNDA:0,(anonymous_3)
FNDA:0,(anonymous_4)
DA:6,0
DA:19,0
DA:20,0
DA:21,0
DA:25,0
DA:26,0
DA:27,0
LF:7
LH:0
BRF:0
BRH:0
end_of_record
TN:
SF:C:\Users\leo.maradan\Code\github\leomaradan\ewo-node\src\engine\Helpers.ts
FN:6,(anonymous_0)
FN:10,(anonymous_1)
FNF:2
FNH:1
FNDA:540,(anonymous_0)
FNDA:0,(anonymous_1)
DA:6,11
DA:7,540
DA:10,11
DA:11,0
LF:4
LH:3
BRF:0
BRH:0
end_of_record
TN:
SF:C:\Users\leo.maradan\Code\github\leomaradan\ewo-node\src\engine\actions.ts
FN:11,(anonymous_0)
FN:16,(anonymous_1)
FN:16,(anonymous_2)
FN:24,(anonymous_3)
FN:24,(anonymous_4)
FNF:5
FNH:5
FNDA:1,(anonymous_0)
FNDA:1,(anonymous_1)
FNDA:1,(anonymous_2)
FNDA:1,(anonymous_3)
FNDA:1,(anonymous_4)
DA:6,1
DA:7,1
DA:9,1
DA:11,1
DA:12,1
DA:13,1
DA:16,1
DA:17,1
DA:18,1
DA:19,1
DA:20,1
DA:21,1
DA:24,1
DA:25,1
DA:26,1
DA:27,1
DA:28,1
LF:17
LH:17
BRDA:11,0,0,1
BRDA:11,0,1,1
BRF:2
BRH:2
end_of_record
TN:
SF:C:\Users\leo.maradan\Code\github\leomaradan\ewo-node\src\engine\node-logger.ts
FN:23,(anonymous_0)
FN:108,(anonymous_1)
FN:116,(anonymous_2)
FN:119,(anonymous_3)
FNF:4
FNH:0
FNDA:0,(anonymous_0)
FNDA:0,(anonymous_1)
FNDA:0,(anonymous_2)
FNDA:0,(anonymous_3)
DA:6,3
DA:15,3
DA:16,3
DA:18,3
DA:25,0
DA:26,0
DA:27,0
DA:28,0
DA:30,0
DA:31,0
DA:33,0
DA:36,0
DA:63,0
DA:89,0
DA:93,0
DA:94,0
DA:95,0
DA:97,0
DA:98,0
DA:99,0
DA:100,0
DA:101,0
DA:102,0
DA:109,0
DA:110,0
DA:112,0
DA:118,0
DA:119,0
DA:120,0
DA:121,0
DA:123,0
DA:124,0
DA:128,0
LF:33
LH:4
BRDA:25,0,0,0
BRDA:25,0,1,0
BRDA:26,1,0,0
BRDA:26,1,1,0
BRDA:30,2,0,0
BRDA:30,2,1,0
BRDA:31,3,0,0
BRDA:31,3,1,0
BRDA:93,4,0,0
BRDA:93,4,1,0
BRDA:97,5,0,0
BRDA:97,5,1,0
BRDA:99,6,0,0
BRDA:99,6,1,0
BRDA:101,7,0,0
BRDA:101,7,1,0
BRDA:120,8,0,0
BRDA:120,8,1,0
BRDA:123,9,0,0
BRDA:123,9,1,0
BRF:20
BRH:0
end_of_record
TN:
SF:C:\Users\leo.maradan\Code\github\leomaradan\ewo-node\src\engine\reducers.ts
FNF:0
FNH:0
DA:6,3
DA:7,3
DA:8,3
DA:9,3
DA:17,3
LF:5
LH:5
BRF:0
BRH:0
end_of_record
TN:
SF:C:\Users\leo.maradan\Code\github\leomaradan\ewo-node\src\engine\store.ts
FN:13,(anonymous_1)
FN:24,(anonymous_2)
FN:32,(anonymous_3)
FNF:3
FNH:0
FNDA:0,(anonymous_1)
FNDA:0,(anonymous_2)
FNDA:0,(anonymous_3)
DA:6,3
DA:7,3
DA:8,3
DA:9,3
DA:10,3
DA:11,3
DA:13,3
DA:15,0
DA:17,0
DA:19,0
DA:21,0
DA:22,0
DA:24,0
DA:25,0
DA:26,0
DA:29,0
DA:32,0
DA:33,0
DA:36,0
DA:38,0
DA:39,0
DA:41,0
DA:42,0
DA:43,0
DA:46,0
DA:48,0
DA:50,0
DA:52,0
DA:54,0
LF:29
LH:7
BRDA:19,0,0,0
BRDA:19,0,1,0
BRDA:25,1,0,0
BRDA:25,1,1,0
BRDA:38,2,0,0
BRDA:38,2,1,0
BRDA:41,3,0,0
BRDA:41,3,1,0
BRF:8
BRH:0
end_of_record
TN:
SF:C:\Users\leo.maradan\Code\github\leomaradan\ewo-node\src\engine\Characters\CharacterTools.ts
FN:133,(anonymous_0)
FN:242,(anonymous_1)
FN:258,(anonymous_2)
FN:269,(anonymous_3)
FN:41,(anonymous_4)
FN:51,(anonymous_5)
FN:59,(anonymous_6)
FN:69,(anonymous_7)
FN:71,(anonymous_8)
FN:74,(anonymous_9)
FN:75,(anonymous_10)
FN:86,(anonymous_11)
FN:97,(anonymous_12)
FN:104,(anonymous_13)
FN:120,(anonymous_14)
FNF:15
FNH:7
FNDA:54,(anonymous_0)
FNDA:54,(anonymous_1)
FNDA:0,(anonymous_2)
FNDA:540,(anonymous_3)
FNDA:53,(anonymous_4)
FNDA:1431,(anonymous_5)
FNDA:0,(anonymous_6)
FNDA:0,(anonymous_7)
FNDA:0,(anonymous_8)
FNDA:0,(anonymous_9)
FNDA:0,(anonymous_10)
FNDA:0,(anonymous_11)
FNDA:0,(anonymous_12)
FNDA:18,(anonymous_13)
FNDA:9,(anonymous_14)
DA:7,11
DA:9,11
DA:10,11
DA:22,11
DA:23,11
DA:25,11
DA:26,11
DA:28,11
DA:30,11
DA:32,11
DA:33,11
DA:35,11
DA:37,11
DA:39,11
DA:41,11
DA:43,53
DA:45,53
DA:47,53
DA:48,3
DA:51,53
DA:52,1431
DA:53,230
DA:54,1201
DA:55,1101
DA:59,0
DA:60,0
DA:61,0
DA:66,53
DA:69,11
DA:70,0
DA:71,0
DA:74,11
DA:75,0
DA:77,0
DA:78,0
DA:81,0
DA:86,11
DA:87,0
DA:93,0
DA:94,0
DA:97,0
DA:98,0
DA:101,0
DA:104,11
DA:105,18
DA:107,18
DA:108,12
DA:115,18
DA:117,18
DA:120,11
DA:121,9
DA:123,9
DA:135,54
DA:138,54
DA:140,54
DA:142,54
DA:144,54
DA:146,54
DA:148,54
DA:150,54
DA:152,54
DA:154,54
DA:156,54
DA:158,54
DA:160,54
DA:162,54
DA:164,54
DA:166,54
DA:168,54
DA:170,54
DA:172,54
DA:174,54
DA:176,54
DA:178,54
DA:180,54
DA:183,11
DA:213,11
DA:244,54
DA:257,54
DA:260,0
DA:262,0
DA:269,54
DA:271,540
DA:272,540
DA:273,540
DA:274,540
DA:276,540
DA:277,540
DA:278,540
DA:280,540
DA:281,540
DA:282,540
DA:285,54
LF:93
LH:76
BRDA:45,0,0,53
BRDA:45,0,1,0
BRDA:47,1,0,3
BRDA:47,1,1,50
BRDA:52,2,0,230
BRDA:52,2,1,1201
BRDA:54,3,0,1101
BRDA:54,3,1,100
BRDA:60,4,0,0
BRDA:60,4,1,0
BRDA:70,5,0,0
BRDA:70,5,1,0
BRDA:77,6,0,0
BRDA:77,6,1,0
BRDA:93,7,0,0
BRDA:93,7,1,0
BRDA:107,8,0,12
BRDA:107,8,1,6
BRF:18
BRH:9
end_of_record
TN:
SF:C:\Users\leo.maradan\Code\github\leomaradan\ewo-node\src\engine\Characters\actions.ts
FN:12,(anonymous_0)
FN:22,(anonymous_1)
FN:36,(anonymous_2)
FN:44,(anonymous_3)
FN:52,(anonymous_4)
FN:58,(anonymous_5)
FN:62,(anonymous_6)
FN:66,(anonymous_7)
FNF:8
FNH:8
FNDA:7,(anonymous_0)
FNDA:7,(anonymous_1)
FNDA:4,(anonymous_2)
FNDA:2,(anonymous_3)
FNDA:1,(anonymous_4)
FNDA:3,(anonymous_5)
FNDA:3,(anonymous_6)
FNDA:4,(anonymous_7)
DA:12,7
DA:13,7
DA:14,7
DA:15,7
DA:22,7
DA:23,7
DA:24,7
DA:25,7
DA:36,7
DA:44,7
DA:52,7
DA:58,7
DA:62,7
DA:66,7
LF:14
LH:14
BRDA:12,0,0,7
BRDA:12,0,1,7
BRDA:22,1,0,7
BRDA:22,1,1,7
BRF:4
BRH:4
end_of_record
TN:
SF:C:\Users\leo.maradan\Code\github\leomaradan\ewo-node\src\engine\Characters\reducers.ts
FN:21,(anonymous_1)
FN:32,(anonymous_2)
FN:39,(anonymous_3)
FNF:3
FNH:3
FNDA:15,(anonymous_1)
FNDA:4,(anonymous_2)
FNDA:6,(anonymous_3)
DA:6,4
DA:9,4
DA:11,4
DA:12,4
DA:16,4
DA:17,4
DA:21,4
DA:22,15
DA:24,1
DA:26,1
DA:27,1
DA:29,2
DA:32,2
DA:34,4
DA:35,0
DA:37,4
DA:39,6
DA:41,4
DA:50,3
DA:51,3
DA:53,3
DA:54,3
DA:56,3
DA:58,1
DA:60,1
DA:63,7
LF:26
LH:25
BRDA:21,0,0,10
BRDA:23,1,0,1
BRDA:23,1,1,1
BRDA:23,1,2,2
BRDA:23,1,3,3
BRDA:23,1,4,1
BRDA:23,1,5,7
BRDA:34,2,0,0
BRDA:34,2,1,4
BRDA:34,3,0,4
BRDA:34,3,1,4
BRF:11
BRH:10
end_of_record
TN:
SF:C:\Users\leo.maradan\Code\github\leomaradan\ewo-node\src\engine\Commands\Command.ts
FN:10,(anonymous_0)
FN:16,(anonymous_1)
FNF:2
FNH:2
FNDA:6,(anonymous_0)
FNDA:6,(anonymous_1)
DA:10,6
DA:11,6
DA:12,6
DA:13,6
DA:16,6
DA:17,6
DA:18,6
DA:19,6
DA:20,6
DA:21,6
LF:10
LH:10
BRDA:10,0,0,6
BRDA:10,0,1,6
BRDA:16,1,0,6
BRDA:16,1,1,6
BRF:4
BRH:4
end_of_record
TN:
SF:C:\Users\leo.maradan\Code\github\leomaradan\ewo-node\src\engine\Commands\CommandsTools.ts
FN:10,(anonymous_0)
FN:27,(anonymous_1)
FN:32,(anonymous_2)
FN:37,(anonymous_3)
FNF:4
FNH:0
FNDA:0,(anonymous_0)
FNDA:0,(anonymous_1)
FNDA:0,(anonymous_2)
FNDA:0,(anonymous_3)
DA:6,3
DA:7,3
DA:8,3
DA:10,3
DA:12,0
DA:13,0
DA:15,0
DA:16,0
DA:18,0
DA:19,0
DA:21,0
DA:24,0
DA:27,3
DA:28,0
DA:29,0
DA:32,3
DA:33,0
DA:34,0
DA:37,3
DA:38,0
DA:39,0
DA:41,0
LF:22
LH:7
BRDA:14,0,0,0
BRDA:14,0,1,0
BRDA:14,0,2,0
BRDA:38,1,0,0
BRDA:38,1,1,0
BRF:5
BRH:0
end_of_record
TN:
SF:C:\Users\leo.maradan\Code\github\leomaradan\ewo-node\src\engine\Commands\CommandsTemplate\index.ts
FNF:0
FNH:0
DA:7,5
DA:8,5
DA:9,5
LF:3
LH:3
BRF:0
BRH:0
end_of_record
TN:
SF:C:\Users\leo.maradan\Code\github\leomaradan\ewo-node\src\engine\Commands\CommandsTemplate\motdCommand.ts
FN:28,(anonymous_1)
FN:32,(anonymous_2)
FN:44,(anonymous_3)
FN:47,(anonymous_4)
FNF:4
FNH:0
FNDA:0,(anonymous_1)
FNDA:0,(anonymous_2)
FNDA:0,(anonymous_3)
FNDA:0,(anonymous_4)
DA:6,5
DA:7,5
DA:9,5
DA:10,5
DA:22,5
DA:23,0
DA:29,0
DA:35,0
DA:37,0
DA:38,0
DA:41,0
DA:45,0
DA:46,0
DA:47,0
DA:48,0
DA:50,0
LF:16
LH:5
BRDA:37,0,0,0
BRDA:37,0,1,0
BRF:2
BRH:0
end_of_record
TN:
SF:C:\Users\leo.maradan\Code\github\leomaradan\ewo-node\src\engine\Commands\CommandsTemplate\moveCommand.ts
FN:30,(anonymous_0)
FN:34,(anonymous_1)
FN:87,(anonymous_2)
FNF:3
FNH:0
FNDA:0,(anonymous_0)
FNDA:0,(anonymous_1)
FNDA:0,(anonymous_2)
DA:6,5
DA:7,5
DA:8,5
DA:10,5
DA:23,5
DA:25,5
DA:26,0
DA:31,0
DA:37,0
DA:38,0
DA:40,0
DA:41,0
DA:44,0
DA:46,0
DA:49,0
DA:51,0
DA:55,0
DA:57,0
DA:59,0
DA:60,0
DA:64,0
DA:66,0
DA:69,0
DA:71,0
DA:73,0
DA:74,0
DA:84,0
DA:88,0
LF:28
LH:6
BRDA:40,0,0,0
BRDA:40,0,1,0
BRDA:44,1,0,0
BRDA:44,1,1,0
BRDA:49,2,0,0
BRDA:49,2,1,0
BRDA:59,3,0,0
BRDA:59,3,1,0
BRDA:73,4,0,0
BRDA:73,4,1,0
BRF:10
BRH:0
end_of_record
TN:
SF:C:\Users\leo.maradan\Code\github\leomaradan\ewo-node\src\engine\Commands\CommandsTemplate\saveDBCommand.ts
FN:9,(anonymous_0)
FN:14,(anonymous_1)
FN:19,(anonymous_2)
FNF:3
FNH:1
FNDA:1,(anonymous_0)
FNDA:0,(anonymous_1)
FNDA:0,(anonymous_2)
DA:6,5
DA:7,5
DA:9,5
DA:11,1
DA:16,0
DA:20,0
DA:21,0
LF:7
LH:4
BRF:0
BRH:0
end_of_record
TN:
SF:C:\Users\leo.maradan\Code\github\leomaradan\ewo-node\src\engine\Commands\tasks\index.ts
FNF:0
FNH:0
DA:7,3
DA:8,3
DA:9,3
LF:3
LH:3
BRF:0
BRH:0
end_of_record
TN:
SF:C:\Users\leo.maradan\Code\github\leomaradan\ewo-node\src\engine\Commands\tasks\loadDatabase.ts
FN:13,(anonymous_1)
FN:29,(anonymous_2)
FN:45,(anonymous_3)
FN:47,(anonymous_4)
FN:61,(anonymous_5)
FN:74,(anonymous_6)
FN:77,(anonymous_7)
FNF:7
FNH:7
FNDA:4,(anonymous_1)
FNDA:1,(anonymous_2)
FNDA:1,(anonymous_3)
FNDA:1,(anonymous_4)
FNDA:1,(anonymous_5)
FNDA:2,(anonymous_6)
FNDA:2,(anonymous_7)
DA:7,4
DA:8,4
DA:9,4
DA:13,4
DA:15,4
DA:17,4
DA:19,4
DA:21,4
DA:22,1
DA:25,3
DA:26,3
DA:28,3
DA:29,1
DA:30,1
DA:31,1
DA:32,1
DA:33,1
DA:36,1
DA:39,1
DA:42,2
DA:44,1
DA:45,1
DA:46,1
DA:47,1
DA:48,1
DA:49,1
DA:50,1
DA:51,1
DA:53,1
DA:57,1
DA:60,1
DA:61,1
DA:62,1
DA:64,1
DA:65,1
DA:67,1
DA:70,1
DA:74,4
DA:75,2
DA:77,4
DA:78,2
LF:41
LH:41
BRDA:21,0,0,1
BRDA:21,0,1,3
BRDA:28,1,0,1
BRDA:28,1,1,2
BRDA:31,2,0,1
BRDA:31,2,1,0
BRDA:42,3,0,1
BRDA:42,3,1,1
BRDA:49,4,0,1
BRDA:49,4,1,0
BRDA:64,5,0,1
BRDA:64,5,1,0
BRF:12
BRH:9
end_of_record
TN:
SF:C:\Users\leo.maradan\Code\github\leomaradan\ewo-node\src\engine\Commands\tasks\runCommands.ts
FN:61,(anonymous_1)
FN:64,(anonymous_2)
FN:69,(anonymous_3)
FN:28,(anonymous_4)
FN:35,(anonymous_5)
FN:43,(anonymous_6)
FN:19,(anonymous_7)
FN:22,(anonymous_8)
FNF:8
FNH:0
FNDA:0,(anonymous_1)
FNDA:0,(anonymous_2)
FNDA:0,(anonymous_3)
FNDA:0,(anonymous_4)
FNDA:0,(anonymous_5)
FNDA:0,(anonymous_6)
FNDA:0,(anonymous_7)
FNDA:0,(anonymous_8)
DA:6,3
DA:8,3
DA:9,3
DA:10,3
DA:11,3
DA:13,3
DA:16,3
DA:19,3
DA:21,0
DA:23,0
DA:29,0
DA:30,0
DA:32,0
DA:36,0
DA:37,0
DA:38,0
DA:39,0
DA:40,0
DA:41,0
DA:42,0
DA:43,0
DA:44,0
DA:48,0
DA:49,0
DA:52,0
DA:53,0
DA:56,0
DA:59,3
DA:63,0
DA:65,0
DA:69,0
DA:70,0
DA:71,0
DA:72,0
DA:73,0
DA:74,0
DA:75,0
LF:37
LH:9
BRDA:71,0,0,0
BRDA:71,0,1,0
BRDA:29,1,0,0
BRDA:29,1,1,0
BRDA:38,2,0,0
BRDA:38,2,1,0
BRDA:39,3,0,0
BRDA:39,3,1,0
BRDA:41,4,0,0
BRDA:41,4,1,0
BRDA:48,5,0,0
BRDA:48,5,1,0
BRDA:52,6,0,0
BRDA:52,6,1,0
BRF:14
BRH:0
end_of_record
TN:
SF:C:\Users\leo.maradan\Code\github\leomaradan\ewo-node\src\engine\Commands\tasks\saveDatabase.ts
FN:12,(anonymous_1)
FN:28,(anonymous_2)
FN:41,(anonymous_3)
FN:45,(anonymous_4)
FNF:4
FNH:3
FNDA:4,(anonymous_1)
FNDA:0,(anonymous_2)
FNDA:2,(anonymous_3)
FNDA:2,(anonymous_4)
DA:6,4
DA:8,4
DA:12,4
DA:14,4
DA:15,1
DA:18,4
DA:20,4
DA:22,4
DA:24,4
DA:25,3
DA:26,1
DA:28,2
DA:32,4
DA:37,4
DA:40,4
DA:42,2
DA:44,4
DA:46,2
LF:18
LH:18
BRDA:14,0,0,1
BRDA:14,0,1,3
BRDA:24,1,0,3
BRDA:24,1,1,1
BRDA:25,2,0,1
BRDA:25,2,1,2
BRF:6
BRH:6
end_of_record
TN:
SF:C:\Users\leo.maradan\Code\github\leomaradan\ewo-node\src\engine\Maps\CoordsTools.ts
FN:10,(anonymous_0)
FN:12,(anonymous_1)
FN:21,(anonymous_2)
FN:40,(anonymous_3)
FN:52,(anonymous_4)
FNF:5
FNH:3
FNDA:5,(anonymous_0)
FNDA:7,(anonymous_1)
FNDA:4,(anonymous_2)
FNDA:0,(anonymous_3)
FNDA:0,(anonymous_4)
DA:5,4
DA:9,4
DA:10,4
DA:12,7
DA:14,5
DA:21,4
DA:23,4
DA:25,4
DA:26,3
DA:29,4
DA:30,3
DA:33,4
DA:34,3
DA:37,4
DA:40,4
DA:42,0
DA:44,0
DA:52,4
DA:54,0
DA:56,0
LF:20
LH:16
BRDA:15,0,0,4
BRDA:15,0,1,1
BRDA:16,1,0,4
BRDA:16,1,1,1
BRDA:17,2,0,3
BRDA:17,2,1,2
BRDA:25,3,0,3
BRDA:25,3,1,1
BRDA:29,4,0,3
BRDA:29,4,1,1
BRDA:33,5,0,3
BRDA:33,5,1,1
BRF:12
BRH:12
end_of_record
TN:
SF:C:\Users\leo.maradan\Code\github\leomaradan\ewo-node\src\engine\Maps\MapsTools.ts
FN:14,(anonymous_0)
FN:21,(anonymous_1)
FN:30,(anonymous_2)
FN:71,(anonymous_3)
FN:86,(anonymous_4)
FN:96,(anonymous_5)
FN:106,(anonymous_6)
FN:124,(anonymous_7)
FN:167,(anonymous_8)
FNF:9
FNH:5
FNDA:4,(anonymous_0)
FNDA:5,(anonymous_1)
FNDA:49,(anonymous_2)
FNDA:0,(anonymous_3)
FNDA:1,(anonymous_4)
FNDA:6,(anonymous_5)
FNDA:0,(anonymous_6)
FNDA:0,(anonymous_7)
FNDA:0,(anonymous_8)
DA:8,7
DA:9,7
DA:12,7
DA:14,7
DA:15,4
DA:17,4
DA:18,1
DA:21,5
DA:23,3
DA:24,2
DA:27,1
DA:30,7
DA:32,49
DA:33,49
DA:35,49
DA:37,6
DA:38,6
DA:40,6
DA:41,6
DA:43,6
DA:44,6
DA:46,6
DA:47,6
DA:49,6
DA:50,6
DA:51,6
DA:53,6
DA:54,6
DA:55,6
DA:57,6
DA:58,6
DA:59,6
DA:61,6
DA:62,6
DA:63,6
DA:65,1
DA:68,49
DA:71,7
DA:72,0
DA:73,0
DA:75,0
DA:76,0
DA:78,0
DA:86,7
DA:87,1
DA:93,1
DA:95,1
DA:96,1
DA:97,6
DA:103,0
DA:106,7
DA:108,0
DA:110,0
DA:112,0
DA:114,0
DA:117,0
DA:119,0
DA:121,0
DA:124,7
DA:131,0
DA:133,0
DA:135,0
DA:137,0
DA:139,0
DA:142,0
DA:144,0
DA:145,0
DA:147,0
DA:150,0
DA:151,0
DA:159,0
DA:164,0
DA:167,7
DA:168,0
DA:170,0
DA:172,0
DA:174,0
DA:177,0
DA:183,7
LF:79
LH:48
BRDA:17,0,0,1
BRDA:17,0,1,3
BRDA:21,1,0,5
BRDA:21,1,1,3
BRDA:23,2,0,2
BRDA:23,2,1,1
BRDA:36,3,0,6
BRDA:36,3,1,6
BRDA:36,3,2,6
BRDA:36,3,3,6
BRDA:36,3,4,6
BRDA:36,3,5,6
BRDA:36,3,6,6
BRDA:36,3,7,6
BRDA:36,3,8,1
BRDA:95,4,0,1
BRDA:95,4,1,0
BRDA:97,5,0,6
BRDA:97,5,1,6
BRDA:97,5,2,4
BRDA:97,5,3,4
BRDA:108,6,0,0
BRDA:108,6,1,0
BRDA:117,7,0,0
BRDA:117,7,1,0
BRDA:133,8,0,0
BRDA:133,8,1,0
BRDA:168,9,0,0
BRDA:168,9,1,0
BRF:29
BRH:20
end_of_record
TN:
SF:C:\Users\leo.maradan\Code\github\leomaradan\ewo-node\src\engine\Maps\actions.ts
FN:8,(anonymous_0)
FN:13,(anonymous_1)
FN:18,(anonymous_2)
FNF:3
FNH:3
FNDA:5,(anonymous_0)
FNDA:3,(anonymous_1)
FNDA:3,(anonymous_2)
DA:8,5
DA:9,5
DA:10,5
DA:13,5
DA:18,5
LF:5
LH:5
BRDA:8,0,0,5
BRDA:8,0,1,5
BRF:2
BRH:2
end_of_record
TN:
SF:C:\Users\leo.maradan\Code\github\leomaradan\ewo-node\src\engine\Maps\reducers.ts
FN:19,(anonymous_1)
FNF:1
FNH:1
FNDA:9,(anonymous_1)
DA:6,4
DA:8,4
DA:10,4
DA:11,4
DA:14,4
DA:15,4
DA:19,4
DA:20,9
DA:22,1
DA:24,1
DA:26,8
LF:11
LH:11
BRDA:19,0,0,9
BRDA:21,1,0,1
BRDA:21,1,1,1
BRDA:21,1,2,8
BRF:4
BRH:4
end_of_record
TN:
SF:C:\Users\leo.maradan\Code\github\leomaradan\ewo-node\src\engine\Maps\POV\POV.ts
FN:15,(anonymous_0)
FN:16,(anonymous_1)
FN:16,(anonymous_2)
FN:22,(anonymous_3)
FN:30,(anonymous_4)
FN:35,(anonymous_5)
FN:64,(anonymous_6)
FN:78,(anonymous_7)
FN:101,(anonymous_8)
FN:103,(anonymous_9)
FN:110,(anonymous_10)
FN:125,(anonymous_11)
FN:127,(anonymous_12)
FN:128,(anonymous_13)
FN:147,(anonymous_14)
FNF:15
FNH:15
FNDA:30,(anonymous_0)
FNDA:512,(anonymous_1)
FNDA:5476,(anonymous_2)
FNDA:30,(anonymous_3)
FNDA:512,(anonymous_4)
FNDA:5476,(anonymous_5)
FNDA:30,(anonymous_6)
FNDA:30,(anonymous_7)
FNDA:30,(anonymous_8)
FNDA:512,(anonymous_9)
FNDA:5476,(anonymous_10)
FNDA:30,(anonymous_11)
FNDA:256,(anonymous_12)
FNDA:2738,(anonymous_13)
FNDA:512,(anonymous_14)
DA:13,1
DA:16,5476
DA:23,30
DA:24,30
DA:25,30
DA:26,30
DA:28,30
DA:30,30
DA:31,512
DA:32,512
DA:33,512
DA:34,512
DA:35,512
DA:36,5476
DA:38,5476
DA:39,5476
DA:40,5476
DA:41,5476
DA:43,5476
DA:44,5476
DA:45,5476
DA:46,5476
DA:50,512
DA:51,512
DA:52,512
DA:53,512
DA:57,30
DA:65,30
DA:67,30
DA:69,30
DA:70,256
DA:71,256
DA:72,2738
DA:74,256
DA:79,30
DA:81,30
DA:82,256
DA:83,256
DA:85,30
DA:87,30
DA:89,30
DA:90,30
DA:91,30
DA:93,30
DA:94,30
DA:96,0
DA:103,30
DA:104,512
DA:105,512
DA:106,512
DA:108,512
DA:110,512
DA:111,5476
DA:112,5476
DA:114,5476
DA:116,2738
DA:120,512
DA:127,30
DA:128,256
DA:129,2738
DA:130,0
DA:135,30
DA:148,512
DA:149,512
DA:150,512
DA:151,512
DA:153,512
DA:154,512
DA:157,512
DA:158,226
DA:159,226
DA:160,226
DA:161,226
DA:162,226
DA:163,226
DA:166,512
DA:167,0
DA:168,0
DA:169,0
DA:170,0
DA:171,0
DA:172,0
DA:176,512
DA:177,512
DA:178,512
DA:179,512
DA:180,512
DA:182,512
DA:183,512
DA:184,4964
DA:185,4964
DA:186,4964
DA:187,2482
DA:188,2482
DA:192,512
DA:194,0
DA:197,0
DA:199,0
DA:203,512
LF:99
LH:88
BRDA:93,0,0,30
BRDA:93,0,1,0
BRDA:114,1,0,2738
BRDA:114,1,1,2738
BRDA:129,2,0,0
BRDA:129,2,1,2738
BRDA:147,3,0,0
BRDA:157,4,0,226
BRDA:157,4,1,286
BRDA:166,5,0,0
BRDA:166,5,1,512
BRDA:182,6,0,0
BRDA:182,6,1,512
BRDA:184,7,0,2256
BRDA:184,7,1,2708
BRDA:186,8,0,2482
BRDA:186,8,1,2482
BRDA:192,9,0,0
BRDA:192,9,1,512
BRDA:194,10,0,0
BRDA:194,10,1,0
BRF:21
BRH:13
end_of_record
TN:
SF:C:\Users\leo.maradan\Code\github\leomaradan\ewo-node\src\engine\Users\UsersTools.ts
FN:12,(anonymous_0)
FN:23,(anonymous_1)
FN:49,(anonymous_2)
FN:50,(anonymous_3)
FN:52,(anonymous_4)
FNF:5
FNH:5
FNDA:5,(anonymous_0)
FNDA:5,(anonymous_1)
FNDA:3,(anonymous_2)
FNDA:9,(anonymous_3)
FNDA:3,(anonymous_4)
DA:8,4
DA:11,4
DA:12,4
DA:13,5
DA:23,4
DA:24,5
DA:26,5
DA:27,4
DA:30,5
DA:31,4
DA:34,5
DA:35,4
DA:38,5
DA:39,4
DA:42,5
DA:43,5
DA:46,5
DA:49,4
DA:50,9
DA:52,3
LF:20
LH:20
BRDA:14,0,0,4
BRDA:14,0,1,1
BRDA:15,1,0,4
BRDA:15,1,1,1
BRDA:16,2,0,4
BRDA:16,2,1,1
BRDA:17,3,0,4
BRDA:17,3,1,1
BRDA:18,4,0,1
BRDA:18,4,1,4
BRDA:26,5,0,4
BRDA:26,5,1,1
BRDA:30,6,0,4
BRDA:30,6,1,1
BRDA:34,7,0,4
BRDA:34,7,1,1
BRDA:38,8,0,4
BRDA:38,8,1,1
BRDA:42,9,0,5
BRDA:42,9,1,0
BRF:20
BRH:19
end_of_record
TN:
SF:C:\Users\leo.maradan\Code\github\leomaradan\ewo-node\src\engine\Users\actions.ts
FN:8,(anonymous_0)
FN:16,(anonymous_1)
FN:21,(anonymous_2)
FN:27,(anonymous_3)
FN:32,(anonymous_4)
FN:36,(anonymous_5)
FNF:6
FNH:6
FNDA:6,(anonymous_0)
FNDA:2,(anonymous_1)
FNDA:2,(anonymous_2)
FNDA:2,(anonymous_3)
FNDA:3,(anonymous_4)
FNDA:3,(anonymous_5)
DA:8,6
DA:9,6
DA:10,6
DA:11,6
DA:12,6
DA:13,6
DA:16,6
DA:21,6
DA:27,6
DA:32,6
DA:36,6
LF:11
LH:11
BRDA:8,0,0,6
BRDA:8,0,1,6
BRF:2
BRH:2
end_of_record
TN:
SF:C:\Users\leo.maradan\Code\github\leomaradan\ewo-node\src\engine\Users\reducers.ts
FN:20,(anonymous_0)
FN:30,(anonymous_1)
FN:32,(anonymous_2)
FN:35,(anonymous_3)
FN:37,(anonymous_4)
FNF:5
FNH:5
FNDA:12,(anonymous_0)
FNDA:1,(anonymous_1)
FNDA:1,(anonymous_2)
FNDA:1,(anonymous_3)
FNDA:1,(anonymous_4)
DA:6,4
DA:7,4
DA:8,4
DA:10,4
DA:12,4
DA:13,4
DA:15,4
DA:16,4
DA:20,4
DA:21,12
DA:24,1
DA:25,1
DA:26,1
DA:27,1
DA:30,1
DA:32,1
DA:35,1
DA:37,1
DA:40,1
DA:43,1
DA:44,1
DA:46,7
LF:22
LH:22
BRDA:20,0,0,9
BRDA:23,1,0,1
BRDA:23,1,1,1
BRDA:23,1,2,1
BRDA:23,1,3,1
BRDA:23,1,4,1
BRDA:23,1,5,7
BRF:7
BRH:7
end_of_record
TN:
SF:C:\Users\leo.maradan\Code\github\leomaradan\ewo-node\src\engine\models\Direction.ts
FN:6,(anonymous_0)
FNF:1
FNH:1
FNDA:11,(anonymous_0)
DA:6,11
DA:7,11
DA:8,11
DA:9,11
DA:10,11
DA:11,11
DA:12,11
DA:13,11
DA:14,11
LF:9
LH:9
BRDA:6,0,0,11
BRDA:6,0,1,11
BRF:2
BRH:2
end_of_record
TN:
SF:C:\Users\leo.maradan\Code\github\leomaradan\ewo-node\src\engine\models\Maps.ts
FN:21,(anonymous_0)
FNF:1
FNH:1
FNDA:11,(anonymous_0)
DA:21,11
DA:22,11
DA:23,11
LF:3
LH:3
BRDA:21,0,0,11
BRDA:21,0,1,11
BRF:2
BRH:2
end_of_record
TN:
SF:C:\Users\leo.maradan\Code\github\leomaradan\ewo-node\src\engine\models\User.ts
FN:15,(anonymous_0)
FNF:1
FNH:1
FNDA:11,(anonymous_0)
DA:15,11
DA:16,11
DA:17,11
DA:18,11
DA:19,11
LF:5
LH:5
BRDA:15,0,0,11
BRDA:15,0,1,11
BRF:2
BRH:2
end_of_record
TN:
SF:C:\Users\leo.maradan\Code\github\leomaradan\ewo-node\src\engine\models\index.ts
FNF:0
FNH:0
DA:8,11
DA:9,11
DA:10,11
DA:12,11
DA:14,11
DA:15,11
DA:16,11
LF:7
LH:7
BRF:0
BRH:0
end_of_record
TN:
SF:C:\Users\leo.maradan\Code\github\leomaradan\ewo-node\src\engine\models\Character\Character.ts
FN:11,(anonymous_0)
FN:235,(anonymous_1)
FNF:2
FNH:2
FNDA:11,(anonymous_0)
FNDA:11,(anonymous_1)
DA:11,11
DA:12,11
DA:13,11
DA:14,11
DA:15,11
DA:16,11
DA:17,11
DA:18,11
DA:19,11
DA:20,11
DA:21,11
DA:235,11
DA:236,11
DA:237,11
DA:238,11
DA:239,11
LF:16
LH:16
BRDA:11,0,0,11
BRDA:11,0,1,11
BRDA:235,1,0,11
BRDA:235,1,1,11
BRF:4
BRH:4
end_of_record
TN:
SF:C:\Users\leo.maradan\Code\github\leomaradan\ewo-node\src\engine\models\Character\Classes.ts
FN:6,(anonymous_0)
FNF:1
FNH:1
FNDA:11,(anonymous_0)
DA:6,11
DA:7,11
LF:2
LH:2
BRDA:6,0,0,11
BRDA:6,0,1,11
BRF:2
BRH:2
end_of_record
TN:
SF:C:\Users\leo.maradan\Code\github\leomaradan\ewo-node\src\engine\models\Character\Genre.ts
FN:6,(anonymous_0)
FN:12,(anonymous_1)
FNF:2
FNH:1
FNDA:11,(anonymous_0)
FNDA:0,(anonymous_1)
DA:6,11
DA:7,11
DA:8,11
DA:9,11
DA:12,11
DA:13,0
DA:14,0
DA:15,0
DA:16,0
DA:17,0
LF:10
LH:5
BRDA:6,0,0,11
BRDA:6,0,1,11
BRDA:14,1,0,0
BRDA:14,1,1,0
BRDA:14,1,2,0
BRDA:14,1,3,0
BRDA:14,1,4,0
BRDA:14,1,5,0
BRDA:14,1,6,0
BRF:9
BRH:2
end_of_record
TN:
SF:C:\Users\leo.maradan\Code\github\leomaradan\ewo-node\src\engine\models\Character\Race.ts
FN:41,(anonymous_0)
FNF:1
FNH:1
FNDA:11,(anonymous_0)
DA:41,11
DA:42,11
DA:43,11
DA:44,11
DA:45,11
DA:46,11
DA:47,11
LF:7
LH:7
BRDA:41,0,0,11
BRDA:41,0,1,11
BRF:2
BRH:2
end_of_record
TN:
SF:C:\Users\leo.maradan\Code\github\leomaradan\ewo-node\src\engine\resources\Grade.ts
FN:9,(anonymous_0)
FNF:1
FNH:1
FNDA:540,(anonymous_0)
DA:9,11
DA:10,540
DA:23,540
DA:25,540
DA:27,60
DA:33,60
DA:34,20
DA:41,60
DA:42,20
DA:49,60
DA:50,20
DA:59,540
DA:60,60
DA:67,60
DA:68,0
DA:75,60
DA:76,20
DA:83,60
DA:84,20
DA:91,60
DA:92,20
DA:101,540
DA:102,80
DA:113,80
DA:114,20
DA:121,80
DA:122,20
DA:130,80
DA:131,20
DA:142,540
DA:143,80
DA:154,80
DA:155,20
DA:163,80
DA:164,20
DA:172,80
DA:173,20
DA:184,540
LF:38
LH:37
BRDA:25,0,0,60
BRDA:25,0,1,480
BRDA:25,1,0,540
BRDA:25,1,1,170
BRDA:33,2,0,20
BRDA:33,2,1,40
BRDA:41,3,0,20
BRDA:41,3,1,40
BRDA:49,4,0,20
BRDA:49,4,1,40
BRDA:59,5,0,60
BRDA:59,5,1,480
BRDA:59,6,0,540
BRDA:59,6,1,60
BRDA:67,7,0,0
BRDA:67,7,1,60
BRDA:75,8,0,20
BRDA:75,8,1,40
BRDA:83,9,0,20
BRDA:83,9,1,40
BRDA:91,10,0,20
BRDA:91,10,1,40
BRDA:101,11,0,80
BRDA:101,11,1,460
BRDA:113,12,0,20
BRDA:113,12,1,60
BRDA:121,13,0,20
BRDA:121,13,1,60
BRDA:130,14,0,20
BRDA:130,14,1,60
BRDA:142,15,0,80
BRDA:142,15,1,460
BRDA:154,16,0,20
BRDA:154,16,1,60
BRDA:163,17,0,20
BRDA:163,17,1,60
BRDA:172,18,0,20
BRDA:172,18,1,60
BRF:38
BRH:37
end_of_record
TN:
SF:C:\Users\leo.maradan\Code\github\leomaradan\ewo-node\src\engine\resources\Maps.ts
FNF:0
FNH:0
DA:8,11
DA:9,11
DA:10,11
DA:12,11
LF:4
LH:4
BRF:0
BRH:0
end_of_record
TN:
SF:C:\Users\leo.maradan\Code\github\leomaradan\ewo-node\src\engine\resources\Race.ts
FNF:0
FNH:0
DA:6,11
DA:7,11
DA:8,11
DA:15,11
DA:28,11
DA:34,11
DA:45,11
DA:56,11
DA:67,11
DA:78,11
DA:89,11
DA:100,11
DA:109,11
LF:13
LH:13
BRF:0
BRH:0
end_of_record
TN:
SF:C:\Users\leo.maradan\Code\github\leomaradan\ewo-node\src\engine\resources\index.ts
FNF:0
FNH:0
DA:7,11
DA:8,11
DA:9,11
LF:3
LH:3
BRF:0
BRH:0
end_of_record
TN:
SF:C:\Users\leo.maradan\Code\github\leomaradan\ewo-node\src\engine\resources\strings.ts
FNF:0
FNH:0
DA:6,11
LF:1
LH:1
BRF:0
BRH:0
end_of_record
TN:
SF:C:\Users\leo.maradan\Code\github\leomaradan\ewo-node\src\engine\resources\maps\map_demo.ts
FNF:0
FNH:0
DA:5,1
LF:1
LH:1
BRF:0
BRH:0
end_of_record
TN:
SF:C:\Users\leo.maradan\Code\github\leomaradan\ewo-node\src\server\auth.ts
FN:10,(anonymous_0)
FN:20,(anonymous_1)
FN:37,(anonymous_2)
FN:45,(anonymous_3)
FN:53,(anonymous_4)
FNF:5
FNH:0
FNDA:0,(anonymous_0)
FNDA:0,(anonymous_1)
FNDA:0,(anonymous_2)
FNDA:0,(anonymous_3)
FNDA:0,(anonymous_4)
DA:6,0
DA:8,0
DA:10,0
DA:12,0
DA:13,0
DA:15,0
DA:16,0
DA:20,0
DA:22,0
DA:24,0
DA:25,0
DA:26,0
DA:29,0
DA:30,0
DA:32,0
DA:37,0
DA:38,0
DA:39,0
DA:41,0
DA:45,0
DA:46,0
DA:47,0
DA:49,0
DA:53,0
LF:24
LH:0
BRDA:12,0,0,0
BRDA:12,0,1,0
BRDA:12,1,0,0
BRDA:12,1,1,0
BRDA:22,2,0,0
BRDA:22,2,1,0
BRDA:24,3,0,0
BRDA:24,3,1,0
BRDA:29,4,0,0
BRDA:29,4,1,0
BRDA:38,5,0,0
BRDA:38,5,1,0
BRDA:38,6,0,0
BRDA:38,6,1,0
BRDA:46,7,0,0
BRDA:46,7,1,0
BRDA:46,8,0,0
BRDA:46,8,1,0
BRF:18
BRH:0
end_of_record
TN:
SF:C:\Users\leo.maradan\Code\github\leomaradan\ewo-node\src\server\eventReceiver.ts
FN:8,(anonymous_1)
FN:9,(anonymous_2)
FN:15,(anonymous_3)
FN:19,(anonymous_4)
FNF:4
FNH:0
FNDA:0,(anonymous_1)
FNDA:0,(anonymous_2)
FNDA:0,(anonymous_3)
FNDA:0,(anonymous_4)
DA:6,0
DA:8,0
DA:9,0
DA:10,0
DA:11,0
DA:15,0
DA:16,0
DA:19,0
DA:20,0
DA:21,0
LF:10
LH:0
BRF:0
BRH:0
end_of_record
TN:
SF:C:\Users\leo.maradan\Code\github\leomaradan\ewo-node\src\server\express.ts
FN:20,(anonymous_1)
FN:32,(anonymous_2)
FN:54,(anonymous_3)
FN:66,(anonymous_4)
FNF:4
FNH:0
FNDA:0,(anonymous_1)
FNDA:0,(anonymous_2)
FNDA:0,(anonymous_3)
FNDA:0,(anonymous_4)
DA:6,0
DA:7,0
DA:8,0
DA:9,0
DA:10,0
DA:11,0
DA:12,0
DA:13,0
DA:15,0
DA:21,0
DA:24,0
DA:25,0
DA:27,0
DA:30,0
DA:41,0
DA:42,0
DA:43,0
DA:44,0
DA:45,0
DA:51,0
DA:52,0
DA:53,0
DA:54,0
DA:55,0
DA:56,0
DA:58,0
DA:61,0
DA:62,0
DA:63,0
DA:66,0
DA:68,0
DA:69,0
DA:72,0
DA:73,0
DA:76,0
LF:35
LH:0
BRDA:55,0,0,0
BRDA:55,0,1,0
BRDA:69,1,0,0
BRDA:69,1,1,0
BRDA:72,2,0,0
BRDA:72,2,1,0
BRF:6
BRH:0
end_of_record
TN:
SF:C:\Users\leo.maradan\Code\github\leomaradan\ewo-node\src\server\server.ts
FN:30,(anonymous_1)
FN:32,(anonymous_2)
FN:32,(anonymous_3)
FN:48,(anonymous_4)
FN:65,(anonymous_5)
FN:85,(anonymous_6)
FN:114,(anonymous_7)
FNF:7
FNH:0
FNDA:0,(anonymous_1)
FNDA:0,(anonymous_2)
FNDA:0,(anonymous_3)
FNDA:0,(anonymous_4)
FNDA:0,(anonymous_5)
FNDA:0,(anonymous_6)
FNDA:0,(anonymous_7)
DA:7,0
DA:8,0
DA:9,0
DA:13,0
DA:23,0
DA:32,0
DA:33,0
DA:34,0
DA:37,0
DA:39,0
DA:41,0
DA:43,0
DA:44,0
DA:50,0
DA:52,0
DA:54,0
DA:55,0
DA:56,0
DA:58,0
DA:66,0
DA:68,0
DA:70,0
DA:73,0
DA:75,0
DA:78,0
DA:86,0
DA:87,0
DA:90,0
DA:92,0
DA:97,0
DA:99,0
DA:100,0
DA:101,0
DA:103,0
DA:104,0
DA:105,0
DA:107,0
DA:115,0
DA:117,0
DA:118,0
DA:119,0
DA:120,0
DA:123,0
DA:126,0
DA:127,0
LF:45
LH:0
BRDA:39,0,0,0
BRDA:39,0,1,0
BRDA:68,1,0,0
BRDA:68,1,1,0
BRDA:73,2,0,0
BRDA:73,2,1,0
BRDA:86,3,0,0
BRDA:86,3,1,0
BRDA:93,4,0,0
BRDA:93,4,1,0
BRDA:98,5,0,0
BRDA:98,5,1,0
BRDA:98,5,2,0
BRDA:117,6,0,0
BRDA:117,6,1,0
BRDA:117,7,0,0
BRDA:117,7,1,0
BRDA:124,8,0,0
BRDA:124,8,1,0
BRF:19
BRH:0
end_of_record
TN:
SF:C:\Users\leo.maradan\Code\github\leomaradan\ewo-node\src\server\socket.ts
FN:23,(anonymous_0)
FN:24,(anonymous_1)
FN:27,(anonymous_2)
FN:56,(anonymous_3)
FN:62,(anonymous_4)
FN:67,(anonymous_5)
FN:71,(anonymous_6)
FN:92,(anonymous_7)
FN:101,(anonymous_8)
FN:121,(anonymous_9)
FN:145,(anonymous_10)
FN:149,(anonymous_11)
FNF:12
FNH:0
FNDA:0,(anonymous_0)
FNDA:0,(anonymous_1)
FNDA:0,(anonymous_2)
FNDA:0,(anonymous_3)
FNDA:0,(anonymous_4)
FNDA:0,(anonymous_5)
FNDA:0,(anonymous_6)
FNDA:0,(anonymous_7)
FNDA:0,(anonymous_8)
FNDA:0,(anonymous_9)
FNDA:0,(anonymous_10)
FNDA:0,(anonymous_11)
DA:6,0
DA:7,0
DA:8,0
DA:10,0
DA:11,0
DA:14,0
DA:23,0
DA:24,0
DA:26,0
DA:27,0
DA:29,0
DA:31,0
DA:33,0
DA:34,0
DA:36,0
DA:38,0
DA:40,0
DA:41,0
DA:43,0
DA:47,0
DA:48,0
DA:50,0
DA:56,0
DA:58,0
DA:60,0
DA:62,0
DA:63,0
DA:66,0
DA:71,0
DA:73,0
DA:75,0
DA:77,0
DA:78,0
DA:79,0
DA:80,0
DA:83,0
DA:84,0
DA:85,0
DA:86,0
DA:92,0
DA:94,0
DA:96,0
DA:97,0
DA:101,0
DA:103,0
DA:104,0
DA:105,0
DA:107,0
DA:114,0
DA:117,0
DA:119,0
DA:121,0
DA:122,0
DA:123,0
DA:125,0
DA:126,0
DA:131,0
DA:145,0
DA:147,0
DA:148,0
DA:149,0
LF:61
LH:0
BRDA:33,0,0,0
BRDA:33,0,1,0
BRDA:77,1,0,0
BRDA:77,1,1,0
BRDA:83,2,0,0
BRDA:83,2,1,0
BRDA:94,3,0,0
BRDA:94,3,1,0
BRDA:96,4,0,0
BRDA:96,4,1,0
BRDA:103,5,0,0
BRDA:103,5,1,0
BRDA:147,6,0,0
BRDA:147,6,1,0
BRF:14
BRH:0
end_of_record
TN:
SF:C:\Users\leo.maradan\Code\github\leomaradan\ewo-node\src\server\routes\characters.ts
FN:19,(anonymous_0)
FN:20,(anonymous_1)
FN:21,(anonymous_2)
FN:24,(anonymous_3)
FN:28,(anonymous_4)
FN:28,(anonymous_5)
FN:31,(anonymous_6)
FN:33,(anonymous_7)
FN:33,(anonymous_8)
FN:38,(anonymous_9)
FN:59,(anonymous_10)
FN:63,(anonymous_11)
FN:68,(anonymous_12)
FN:76,(anonymous_13)
FN:91,(anonymous_14)
FNF:15
FNH:0
FNDA:0,(anonymous_0)
FNDA:0,(anonymous_1)
FNDA:0,(anonymous_2)
FNDA:0,(anonymous_3)
FNDA:0,(anonymous_4)
FNDA:0,(anonymous_5)
FNDA:0,(anonymous_6)
FNDA:0,(anonymous_7)
FNDA:0,(anonymous_8)
FNDA:0,(anonymous_9)
FNDA:0,(anonymous_10)
FNDA:0,(anonymous_11)
FNDA:0,(anonymous_12)
FNDA:0,(anonymous_13)
FNDA:0,(anonymous_14)
DA:6,0
DA:7,0
DA:8,0
DA:9,0
DA:10,0
DA:11,0
DA:13,0
DA:15,0
DA:19,0
DA:20,0
DA:21,0
DA:23,0
DA:24,0
DA:27,0
DA:28,0
DA:31,0
DA:33,0
DA:38,0
DA:40,0
DA:42,0
DA:48,0
DA:49,0
DA:51,0
DA:54,0
DA:59,0
DA:60,0
DA:61,0
DA:63,0
DA:64,0
DA:68,0
DA:70,0
DA:72,0
DA:73,0
DA:76,0
DA:79,0
DA:80,0
DA:93,0
DA:95,0
DA:97,0
DA:103,0
DA:105,0
DA:108,0
DA:109,0
DA:110,0
DA:114,0
LF:45
LH:0
BRDA:23,0,0,0
BRDA:23,0,1,0
BRDA:27,1,0,0
BRDA:27,1,1,0
BRDA:33,2,0,0
BRDA:33,2,1,0
BRDA:48,3,0,0
BRDA:48,3,1,0
BRDA:60,4,0,0
BRDA:60,4,1,0
BRDA:72,5,0,0
BRDA:72,5,1,0
BRDA:72,6,0,0
BRDA:72,6,1,0
BRDA:95,7,0,0
BRDA:95,7,1,0
BRF:16
BRH:0
end_of_record
TN:
SF:C:\Users\leo.maradan\Code\github\leomaradan\ewo-node\src\server\routes\index.ts
FN:11,(anonymous_0)
FNF:1
FNH:0
FNDA:0,(anonymous_0)
DA:6,0
DA:8,0
DA:11,0
DA:12,0
DA:15,0
LF:5
LH:0
BRF:0
BRH:0
end_of_record
TN:
SF:C:\Users\leo.maradan\Code\github\leomaradan\ewo-node\src\server\routes\users.ts
FN:21,(anonymous_0)
FN:25,(anonymous_1)
FN:29,(anonymous_2)
FN:33,(anonymous_3)
FN:35,(anonymous_4)
FN:43,(anonymous_5)
FN:47,(anonymous_6)
FN:63,(anonymous_7)
FN:66,(anonymous_8)
FN:101,(anonymous_9)
FN:116,(anonymous_10)
FNF:11
FNH:0
FNDA:0,(anonymous_0)
FNDA:0,(anonymous_1)
FNDA:0,(anonymous_2)
FNDA:0,(anonymous_3)
FNDA:0,(anonymous_4)
FNDA:0,(anonymous_5)
FNDA:0,(anonymous_6)
FNDA:0,(anonymous_7)
FNDA:0,(anonymous_8)
FNDA:0,(anonymous_9)
FNDA:0,(anonymous_10)
DA:6,0
DA:8,0
DA:9,0
DA:10,0
DA:12,0
DA:14,0
DA:21,0
DA:22,0
DA:25,0
DA:26,0
DA:29,0
DA:30,0
DA:33,0
DA:34,0
DA:35,0
DA:36,0
DA:38,0
DA:43,0
DA:44,0
DA:45,0
DA:47,0
DA:48,0
DA:52,0
DA:53,0
DA:63,0
DA:68,0
DA:70,0
DA:72,0
DA:77,0
DA:79,0
DA:81,0
DA:83,0
DA:85,0
DA:86,0
DA:88,0
DA:89,0
DA:90,0
DA:94,0
DA:103,0
DA:105,0
DA:107,0
DA:112,0
DA:114,0
DA:116,0
DA:117,0
DA:120,0
DA:121,0
DA:122,0
DA:123,0
DA:124,0
DA:126,0
DA:132,0
LF:52
LH:0
BRDA:44,0,0,0
BRDA:44,0,1,0
BRDA:48,1,0,0
BRDA:48,1,1,0
BRDA:70,2,0,0
BRDA:70,2,1,0
BRDA:105,3,0,0
BRDA:105,3,1,0
BRDA:121,4,0,0
BRDA:121,4,1,0
BRDA:121,5,0,0
BRDA:121,5,1,0
BRF:12
BRH:0
end_of_record
