TN:
SF:C:\Users\leo.maradan\Code\github\leomaradan\ewo-node\src\index.ts
FNF:0
FNH:0
DA:6,0
DA:7,0
DA:8,0
DA:9,0
DA:10,0
DA:12,0
DA:26,0
DA:28,0
DA:30,0
DA:32,0
DA:34,0
DA:36,0
DA:38,0
LF:13
LH:0
BRF:0
BRH:0
end_of_record
TN:
SF:C:\Users\leo.maradan\Code\github\leomaradan\ewo-node\src\client\App.tsx
FN:9,(anonymous_1)
FNF:1
FNH:0
FNDA:0,(anonymous_1)
DA:6,0
DA:7,0
DA:9,0
DA:10,0
LF:4
LH:0
BRF:0
BRH:0
end_of_record
TN:
SF:C:\Users\leo.maradan\Code\github\leomaradan\ewo-node\src\client\actions.ts
FN:8,(anonymous_0)
FN:17,(anonymous_1)
FN:22,(anonymous_2)
FN:28,(anonymous_3)
FN:33,(anonymous_4)
FN:33,(anonymous_5)
FNF:6
FNH:2
FNDA:2,(anonymous_0)
FNDA:0,(anonymous_1)
FNDA:0,(anonymous_2)
FNDA:8,(anonymous_3)
FNDA:0,(anonymous_4)
FNDA:0,(anonymous_5)
DA:8,2
DA:9,2
DA:10,2
DA:11,2
DA:12,2
DA:13,2
DA:14,2
DA:17,2
DA:22,2
DA:28,8
DA:33,2
DA:34,0
LF:12
LH:11
BRDA:8,0,0,2
BRDA:8,0,1,2
BRF:2
BRH:2
end_of_record
TN:
SF:C:\Users\leo.maradan\Code\github\leomaradan\ewo-node\src\client\index.tsx
FN:20,(anonymous_2)
FN:20,(anonymous_3)
FN:20,(anonymous_4)
FNF:3
FNH:0
FNDA:0,(anonymous_2)
FNDA:0,(anonymous_3)
FNDA:0,(anonymous_4)
DA:6,0
DA:7,0
DA:8,0
DA:9,0
DA:10,0
DA:11,0
DA:12,0
DA:13,0
DA:14,0
DA:16,0
DA:17,0
DA:20,0
DA:21,0
DA:22,0
DA:24,0
DA:25,0
DA:27,0
DA:28,0
DA:31,0
DA:34,0
DA:36,0
DA:37,0
DA:49,0
LF:23
LH:0
BRDA:21,0,0,0
BRDA:21,0,1,0
BRDA:24,1,0,0
BRDA:24,1,1,0
BRDA:27,2,0,0
BRDA:27,2,1,0
BRDA:36,3,0,0
BRDA:36,3,1,0
BRF:8
BRH:0
end_of_record
TN:
SF:C:\Users\leo.maradan\Code\github\leomaradan\ewo-node\src\client\provider.tsx
FN:8,(anonymous_1)
FNF:1
FNH:1
FNDA:8,(anonymous_1)
DA:5,2
DA:6,2
DA:8,2
DA:9,8
LF:4
LH:4
BRF:0
BRH:0
end_of_record
TN:
SF:C:\Users\leo.maradan\Code\github\leomaradan\ewo-node\src\client\reducers.ts
FN:27,(anonymous_0)
FNF:1
FNH:1
FNDA:10,(anonymous_0)
DA:9,2
DA:20,2
DA:27,2
DA:28,10
DA:30,0
DA:32,0
DA:34,8
DA:37,2
DA:40,2
LF:9
LH:7
BRDA:27,0,0,0
BRDA:29,1,0,0
BRDA:29,1,1,0
BRDA:29,1,2,8
BRF:4
BRH:1
end_of_record
TN:
SF:C:\Users\leo.maradan\Code\github\leomaradan\ewo-node\src\client\router.tsx
FN:12,(anonymous_1)
FN:14,(anonymous_2)
FN:21,(anonymous_3)
FNF:3
FNH:0
FNDA:0,(anonymous_1)
FNDA:0,(anonymous_2)
FNDA:0,(anonymous_3)
DA:6,0
DA:7,0
DA:8,0
DA:9,0
DA:10,0
DA:12,0
DA:14,0
DA:15,0
DA:21,0
LF:9
LH:0
BRF:0
BRH:0
end_of_record
TN:
SF:C:\Users\leo.maradan\Code\github\leomaradan\ewo-node\src\client\selector.ts
FN:10,(anonymous_0)
FN:11,(anonymous_1)
FN:12,(anonymous_2)
FN:16,(anonymous_3)
FN:35,(anonymous_4)
FNF:5
FNH:3
FNDA:8,(anonymous_0)
FNDA:8,(anonymous_1)
FNDA:0,(anonymous_2)
FNDA:8,(anonymous_3)
FNDA:0,(anonymous_4)
DA:7,2
DA:10,8
DA:11,8
DA:12,2
DA:14,2
DA:18,8
DA:19,6
DA:20,6
DA:23,0
DA:24,0
DA:25,0
DA:29,2
DA:33,2
DA:36,0
DA:37,0
DA:40,0
LF:16
LH:10
BRDA:18,0,0,6
BRDA:18,0,1,2
BRDA:19,1,0,6
BRDA:19,1,1,0
BRDA:24,2,0,0
BRDA:24,2,1,0
BRDA:36,3,0,0
BRDA:36,3,1,0
BRF:8
BRH:3
end_of_record
TN:
SF:C:\Users\leo.maradan\Code\github\leomaradan\ewo-node\src\client\store.ts
FN:11,(anonymous_1)
FN:25,(anonymous_2)
FNF:2
FNH:1
FNDA:2,(anonymous_1)
FNDA:0,(anonymous_2)
DA:6,2
DA:7,2
DA:8,2
DA:9,2
DA:11,2
DA:13,2
DA:15,2
DA:16,0
DA:19,2
DA:21,2
DA:23,0
DA:25,0
DA:26,0
DA:29,0
DA:31,0
DA:32,0
DA:33,0
DA:34,0
DA:37,0
DA:38,0
DA:41,2
LF:21
LH:10
BRDA:15,0,0,0
BRDA:15,0,1,2
BRDA:21,1,0,0
BRDA:21,1,1,2
BRDA:31,2,0,0
BRDA:31,2,1,0
BRF:6
BRH:2
end_of_record
TN:
SF:C:\Users\leo.maradan\Code\github\leomaradan\ewo-node\src\client\Game\CharacterPage.tsx
FN:46,(anonymous_1)
FN:72,(anonymous_2)
FN:76,(anonymous_3)
FN:85,(anonymous_4)
FN:91,(anonymous_5)
FN:92,(anonymous_6)
FNF:6
FNH:0
FNDA:0,(anonymous_1)
FNDA:0,(anonymous_2)
FNDA:0,(anonymous_3)
FNDA:0,(anonymous_4)
FNDA:0,(anonymous_5)
FNDA:0,(anonymous_6)
DA:5,0
DA:6,0
DA:8,0
DA:10,0
DA:11,0
DA:12,0
DA:13,0
DA:45,0
DA:48,0
DA:50,0
DA:51,0
DA:54,0
DA:55,0
DA:58,0
DA:59,0
DA:62,0
DA:73,0
DA:77,0
DA:78,0
DA:79,0
DA:81,0
DA:85,0
DA:91,0
DA:92,0
DA:95,0
LF:25
LH:0
BRDA:50,0,0,0
BRDA:50,0,1,0
BRDA:54,1,0,0
BRDA:54,1,1,0
BRDA:58,2,0,0
BRDA:58,2,1,0
BRDA:77,3,0,0
BRDA:77,3,1,0
BRF:8
BRH:0
end_of_record
TN:
SF:C:\Users\leo.maradan\Code\github\leomaradan\ewo-node\src\client\Game\CharactersList.tsx
FN:22,(anonymous_1)
FN:55,(anonymous_2)
FN:64,(anonymous_3)
FN:83,(anonymous_4)
FNF:4
FNH:0
FNDA:0,(anonymous_1)
FNDA:0,(anonymous_2)
FNDA:0,(anonymous_3)
FNDA:0,(anonymous_4)
DA:8,0
DA:9,0
DA:10,0
DA:20,0
DA:23,0
DA:25,0
DA:26,0
DA:29,0
DA:30,0
DA:33,0
DA:34,0
DA:37,0
DA:56,0
DA:65,0
DA:83,0
DA:90,0
LF:16
LH:0
BRDA:25,0,0,0
BRDA:25,0,1,0
BRDA:29,1,0,0
BRDA:29,1,1,0
BRDA:33,2,0,0
BRDA:33,2,1,0
BRF:6
BRH:0
end_of_record
TN:
SF:C:\Users\leo.maradan\Code\github\leomaradan\ewo-node\src\client\Game\Actions\Actions.tsx
FN:8,(anonymous_1)
FNF:1
FNH:0
FNDA:0,(anonymous_1)
DA:6,0
DA:8,0
DA:9,0
LF:3
LH:0
BRF:0
BRH:0
end_of_record
TN:
SF:C:\Users\leo.maradan\Code\github\leomaradan\ewo-node\src\client\Game\Actions\index.ts
FNF:0
FNH:0
DA:7,0
LF:1
LH:0
BRF:0
BRH:0
end_of_record
TN:
SF:C:\Users\leo.maradan\Code\github\leomaradan\ewo-node\src\client\Game\Infos\Endurance.tsx
FN:21,(anonymous_1)
FN:26,(anonymous_2)
FN:76,(anonymous_3)
FNF:3
FNH:3
FNDA:8,(anonymous_1)
FNDA:14,(anonymous_2)
FNDA:10,(anonymous_3)
DA:7,1
DA:9,1
DA:10,1
DA:20,1
DA:22,8
DA:23,8
DA:28,14
DA:29,5
DA:32,9
DA:33,9
DA:35,9
DA:36,6
DA:50,3
DA:51,3
DA:52,0
DA:55,3
DA:56,3
DA:58,3
DA:76,10
DA:80,1
LF:20
LH:19
BRDA:28,0,0,5
BRDA:28,0,1,9
BRDA:35,1,0,6
BRDA:35,1,1,3
BRDA:51,2,0,0
BRDA:51,2,1,3
BRF:6
BRH:5
end_of_record
TN:
SF:C:\Users\leo.maradan\Code\github\leomaradan\ewo-node\src\client\Game\Infos\Infos.tsx
FN:10,(anonymous_1)
FNF:1
FNH:1
FNDA:4,(anonymous_1)
DA:6,1
DA:7,1
DA:8,1
DA:10,1
DA:11,4
DA:20,1
LF:6
LH:6
BRF:0
BRH:0
end_of_record
TN:
SF:C:\Users\leo.maradan\Code\github\leomaradan\ewo-node\src\client\Game\Infos\Position.tsx
FN:17,(anonymous_1)
FN:32,(anonymous_2)
FNF:2
FNH:2
FNDA:13,(anonymous_1)
FNDA:10,(anonymous_2)
DA:7,1
DA:9,1
DA:10,1
DA:11,1
DA:17,1
DA:19,13
DA:20,5
DA:24,8
DA:25,5
DA:26,5
DA:27,5
DA:29,3
DA:32,10
DA:36,1
LF:14
LH:14
BRDA:19,0,0,5
BRDA:19,0,1,8
BRDA:24,1,0,5
BRDA:24,1,1,3
BRF:4
BRH:4
end_of_record
TN:
SF:C:\Users\leo.maradan\Code\github\leomaradan\ewo-node\src\client\Game\Infos\ScreenName.tsx
FN:16,(anonymous_1)
FN:30,(anonymous_2)
FNF:2
FNH:2
FNDA:12,(anonymous_1)
FNDA:10,(anonymous_2)
DA:7,1
DA:9,1
DA:10,1
DA:16,1
DA:18,12
DA:19,5
DA:21,7
DA:23,7
DA:30,10
DA:34,1
LF:10
LH:10
BRDA:18,0,0,5
BRDA:18,0,1,7
BRF:2
BRH:2
end_of_record
TN:
SF:C:\Users\leo.maradan\Code\github\leomaradan\ewo-node\src\client\Game\Infos\index.ts
FNF:0
FNH:0
DA:7,1
DA:8,1
DA:9,1
DA:10,1
LF:4
LH:4
BRF:0
BRH:0
end_of_record
TN:
SF:C:\Users\leo.maradan\Code\github\leomaradan\ewo-node\src\client\Game\States\Bar.tsx
FN:47,(anonymous_2)
FN:56,(anonymous_3)
FN:79,(anonymous_4)
FN:106,(anonymous_5)
FN:124,(anonymous_6)
FNF:5
FNH:5
FNDA:9,(anonymous_2)
FNDA:30,(anonymous_3)
FNDA:105,(anonymous_4)
FNDA:290,(anonymous_5)
FNDA:144,(anonymous_6)
DA:6,1
DA:47,9
DA:56,30
DA:57,30
DA:58,30
DA:59,18
DA:62,30
DA:64,30
DA:65,21
DA:68,30
DA:79,105
DA:80,105
DA:81,105
DA:83,105
DA:84,9
DA:95,96
DA:106,1
DA:107,290
DA:109,18
DA:111,12
DA:113,120
DA:115,114
DA:117,14
DA:120,12
DA:124,1
DA:125,144
DA:126,144
DA:127,144
DA:128,2
DA:131,144
DA:133,144
LF:31
LH:31
BRDA:49,0,0,8
BRDA:49,0,1,1
BRDA:57,1,0,12
BRDA:57,1,1,18
BRDA:58,2,0,18
BRDA:58,2,1,12
BRDA:59,3,0,4
BRDA:59,3,1,14
BRDA:64,4,0,21
BRDA:64,4,1,9
BRDA:64,5,0,30
BRDA:64,5,1,9
BRDA:83,6,0,9
BRDA:83,6,1,96
BRDA:108,7,0,18
BRDA:108,7,1,12
BRDA:108,7,2,120
BRDA:108,7,3,114
BRDA:108,7,4,14
BRDA:108,7,5,12
BRDA:108,7,6,12
BRDA:125,8,0,36
BRDA:125,8,1,108
BRDA:127,9,0,2
BRDA:127,9,1,142
BRDA:127,10,0,144
BRDA:127,10,1,108
BRDA:127,10,2,15
BRDA:127,10,3,11
BRDA:131,11,0,42
BRDA:131,11,1,102
BRDA:140,12,0,144
BRDA:140,12,1,144
BRDA:141,13,0,144
BRDA:141,13,1,39
BRDA:143,14,0,69
BRDA:143,14,1,75
BRDA:143,15,0,144
BRDA:143,15,1,75
BRDA:148,16,0,69
BRDA:148,16,1,69
BRDA:149,17,0,69
BRDA:149,17,1,9
BRF:43
BRH:43
end_of_record
TN:
SF:C:\Users\leo.maradan\Code\github\leomaradan\ewo-node\src\client\Game\States\States.tsx
FN:18,(anonymous_1)
FN:22,(anonymous_2)
FN:36,(anonymous_3)
FNF:3
FNH:2
FNDA:10,(anonymous_1)
FNDA:10,(anonymous_2)
FNDA:0,(anonymous_3)
DA:7,1
DA:9,1
DA:10,1
DA:11,1
DA:18,10
DA:22,1
DA:24,10
DA:26,10
DA:27,4
DA:30,6
DA:35,6
DA:38,0
DA:39,0
DA:41,0
DA:44,0
DA:48,6
DA:87,1
LF:17
LH:13
BRDA:26,0,0,4
BRDA:26,0,1,6
BRDA:38,1,0,0
BRDA:38,1,1,0
BRF:4
BRH:2
end_of_record
TN:
SF:C:\Users\leo.maradan\Code\github\leomaradan\ewo-node\src\client\Game\States\index.ts
FNF:0
FNH:0
DA:7,1
DA:8,1
LF:2
LH:2
BRF:0
BRH:0
end_of_record
TN:
SF:C:\Users\leo.maradan\Code\github\leomaradan\ewo-node\src\client\Game\Views\Views.tsx
FN:33,(anonymous_2)
FN:39,(anonymous_3)
FN:53,(anonymous_4)
FN:74,(anonymous_5)
FN:78,(anonymous_6)
FN:125,(anonymous_7)
FN:139,(anonymous_8)
FN:150,(anonymous_9)
FN:161,(anonymous_10)
FN:192,(anonymous_11)
FN:211,(anonymous_12)
FN:216,(anonymous_13)
FN:221,(anonymous_14)
FNF:13
FNH:0
FNDA:0,(anonymous_2)
FNDA:0,(anonymous_3)
FNDA:0,(anonymous_4)
FNDA:0,(anonymous_5)
FNDA:0,(anonymous_6)
FNDA:0,(anonymous_7)
FNDA:0,(anonymous_8)
FNDA:0,(anonymous_9)
FNDA:0,(anonymous_10)
FNDA:0,(anonymous_11)
FNDA:0,(anonymous_12)
FNDA:0,(anonymous_13)
FNDA:0,(anonymous_14)
DA:7,0
DA:8,0
DA:9,0
DA:10,0
DA:11,0
DA:12,0
DA:13,0
DA:31,0
DA:34,0
DA:36,0
DA:41,0
DA:42,0
DA:45,0
DA:54,0
DA:55,0
DA:56,0
DA:57,0
DA:58,0
DA:60,0
DA:61,0
DA:62,0
DA:65,0
DA:66,0
DA:67,0
DA:70,0
DA:76,0
DA:78,0
DA:79,0
DA:81,0
DA:83,0
DA:85,0
DA:86,0
DA:88,0
DA:89,0
DA:91,0
DA:92,0
DA:94,0
DA:95,0
DA:97,0
DA:98,0
DA:100,0
DA:101,0
DA:103,0
DA:104,0
DA:106,0
DA:107,0
DA:110,0
DA:119,0
DA:122,0
DA:127,0
DA:128,0
DA:129,0
DA:130,0
DA:131,0
DA:132,0
DA:133,0
DA:134,0
DA:136,0
DA:140,0
DA:142,0
DA:143,0
DA:145,0
DA:146,0
DA:150,0
DA:154,0
DA:158,0
DA:163,0
DA:165,0
DA:166,0
DA:169,0
DA:170,0
DA:172,0
DA:179,0
DA:186,0
DA:188,0
DA:190,0
DA:194,0
DA:195,0
DA:196,0
DA:212,0
DA:216,0
DA:221,0
DA:225,0
LF:83
LH:0
BRDA:41,0,0,0
BRDA:41,0,1,0
BRDA:78,1,0,0
BRDA:78,1,1,0
BRDA:78,1,2,0
BRDA:79,2,0,0
BRDA:79,2,1,0
BRDA:84,3,0,0
BRDA:84,3,1,0
BRDA:84,3,2,0
BRDA:84,3,3,0
BRDA:84,3,4,0
BRDA:84,3,5,0
BRDA:84,3,6,0
BRDA:84,3,7,0
BRDA:140,4,0,0
BRDA:140,4,1,0
BRDA:143,5,0,0
BRDA:143,5,1,0
BRDA:143,5,2,0
BRDA:145,6,0,0
BRDA:145,6,1,0
BRDA:165,7,0,0
BRDA:165,7,1,0
BRF:24
BRH:0
end_of_record
TN:
SF:C:\Users\leo.maradan\Code\github\leomaradan\ewo-node\src\client\Game\Views\index.ts
FNF:0
FNH:0
DA:7,0
LF:1
LH:0
BRF:0
BRH:0
end_of_record
TN:
SF:C:\Users\leo.maradan\Code\github\leomaradan\ewo-node\src\client\socket\actions.ts
FN:11,(anonymous_0)
FN:20,(anonymous_1)
FN:29,(anonymous_2)
FNF:3
FNH:0
FNDA:0,(anonymous_0)
FNDA:0,(anonymous_1)
FNDA:0,(anonymous_2)
DA:7,0
DA:9,0
DA:11,0
DA:20,0
DA:29,0
LF:5
LH:0
BRF:0
BRH:0
end_of_record
TN:
SF:C:\Users\leo.maradan\Code\github\leomaradan\ewo-node\src\client\socket\receiver.ts
FN:11,(anonymous_0)
FN:12,(anonymous_1)
FN:16,(anonymous_2)
FN:18,(anonymous_3)
FNF:4
FNH:0
FNDA:0,(anonymous_0)
FNDA:0,(anonymous_1)
FNDA:0,(anonymous_2)
FNDA:0,(anonymous_3)
DA:8,0
DA:9,0
DA:11,0
DA:12,0
DA:13,0
DA:16,0
DA:17,0
DA:18,0
DA:19,0
LF:9
LH:0
BRF:0
BRH:0
end_of_record
TN:
SF:C:\Users\leo.maradan\Code\github\leomaradan\ewo-node\src\client\socket\sender.ts
FN:19,(anonymous_0)
FN:20,(anonymous_1)
FN:25,(anonymous_2)
FN:26,(anonymous_3)
FN:27,(anonymous_4)
FNF:5
FNH:0
FNDA:0,(anonymous_0)
FNDA:0,(anonymous_1)
FNDA:0,(anonymous_2)
FNDA:0,(anonymous_3)
FNDA:0,(anonymous_4)
DA:6,0
DA:19,0
DA:20,0
DA:21,0
DA:25,0
DA:26,0
DA:27,0
LF:7
LH:0
BRF:0
BRH:0
end_of_record
TN:
SF:C:\Users\leo.maradan\Code\github\leomaradan\ewo-node\src\engine\Helpers.ts
FN:6,(anonymous_0)
FN:10,(anonymous_1)
FNF:2
FNH:1
FNDA:510,(anonymous_0)
FNDA:0,(anonymous_1)
DA:6,10
DA:7,510
DA:10,10
DA:11,0
LF:4
LH:3
BRF:0
BRH:0
end_of_record
TN:
SF:C:\Users\leo.maradan\Code\github\leomaradan\ewo-node\src\engine\actions.ts
FN:11,(anonymous_0)
FN:16,(anonymous_1)
FN:16,(anonymous_2)
FN:24,(anonymous_3)
FN:24,(anonymous_4)
FNF:5
FNH:5
FNDA:1,(anonymous_0)
FNDA:1,(anonymous_1)
FNDA:1,(anonymous_2)
FNDA:1,(anonymous_3)
FNDA:1,(anonymous_4)
DA:6,1
DA:7,1
DA:9,1
DA:11,1
DA:12,1
DA:13,1
DA:16,1
DA:17,1
DA:18,1
DA:19,1
DA:20,1
DA:21,1
DA:24,1
DA:25,1
DA:26,1
DA:27,1
DA:28,1
LF:17
LH:17
BRDA:11,0,0,1
BRDA:11,0,1,1
BRF:2
BRH:2
end_of_record
TN:
SF:C:\Users\leo.maradan\Code\github\leomaradan\ewo-node\src\engine\node-logger.ts
FN:23,(anonymous_0)
FN:108,(anonymous_1)
FN:116,(anonymous_2)
FN:119,(anonymous_3)
FNF:4
FNH:0
FNDA:0,(anonymous_0)
FNDA:0,(anonymous_1)
FNDA:0,(anonymous_2)
FNDA:0,(anonymous_3)
DA:6,3
DA:15,3
DA:16,3
DA:18,3
DA:25,0
DA:26,0
DA:27,0
DA:28,0
DA:30,0
DA:31,0
DA:33,0
DA:36,0
DA:63,0
DA:89,0
DA:93,0
DA:94,0
DA:95,0
DA:97,0
DA:98,0
DA:99,0
DA:100,0
DA:101,0
DA:102,0
DA:109,0
DA:110,0
DA:112,0
DA:118,0
DA:119,0
DA:120,0
DA:121,0
DA:123,0
DA:124,0
DA:128,0
LF:33
LH:4
BRDA:25,0,0,0
BRDA:25,0,1,0
BRDA:26,1,0,0
BRDA:26,1,1,0
BRDA:30,2,0,0
BRDA:30,2,1,0
BRDA:31,3,0,0
BRDA:31,3,1,0
BRDA:93,4,0,0
BRDA:93,4,1,0
BRDA:97,5,0,0
BRDA:97,5,1,0
BRDA:99,6,0,0
BRDA:99,6,1,0
BRDA:101,7,0,0
BRDA:101,7,1,0
BRDA:120,8,0,0
BRDA:120,8,1,0
BRDA:123,9,0,0
BRDA:123,9,1,0
BRF:20
BRH:0
end_of_record
TN:
SF:C:\Users\leo.maradan\Code\github\leomaradan\ewo-node\src\engine\reducers.ts
FNF:0
FNH:0
DA:6,3
DA:7,3
DA:8,3
DA:9,3
DA:17,3
LF:5
LH:5
BRF:0
BRH:0
end_of_record
TN:
SF:C:\Users\leo.maradan\Code\github\leomaradan\ewo-node\src\engine\store.ts
FN:13,(anonymous_1)
FN:24,(anonymous_2)
FN:32,(anonymous_3)
FNF:3
FNH:0
FNDA:0,(anonymous_1)
FNDA:0,(anonymous_2)
FNDA:0,(anonymous_3)
DA:6,3
DA:7,3
DA:8,3
DA:9,3
DA:10,3
DA:11,3
DA:13,3
DA:15,0
DA:17,0
DA:19,0
DA:21,0
DA:22,0
DA:24,0
DA:25,0
DA:26,0
DA:29,0
DA:32,0
DA:33,0
DA:36,0
DA:38,0
DA:39,0
DA:41,0
DA:42,0
DA:43,0
DA:46,0
DA:48,0
DA:50,0
DA:52,0
DA:54,0
LF:29
LH:7
BRDA:19,0,0,0
BRDA:19,0,1,0
BRDA:25,1,0,0
BRDA:25,1,1,0
BRDA:38,2,0,0
BRDA:38,2,1,0
BRDA:41,3,0,0
BRDA:41,3,1,0
BRF:8
BRH:0
end_of_record
TN:
SF:C:\Users\leo.maradan\Code\github\leomaradan\ewo-node\src\engine\Characters\CharacterTools.ts
FN:133,(anonymous_0)
FN:242,(anonymous_1)
FN:258,(anonymous_2)
FN:269,(anonymous_3)
FN:41,(anonymous_4)
FN:51,(anonymous_5)
FN:59,(anonymous_6)
FN:69,(anonymous_7)
FN:71,(anonymous_8)
FN:74,(anonymous_9)
FN:75,(anonymous_10)
FN:86,(anonymous_11)
FN:97,(anonymous_12)
FN:104,(anonymous_13)
FN:120,(anonymous_14)
FNF:15
FNH:7
FNDA:51,(anonymous_0)
FNDA:51,(anonymous_1)
FNDA:0,(anonymous_2)
FNDA:510,(anonymous_3)
FNDA:50,(anonymous_4)
FNDA:1350,(anonymous_5)
FNDA:0,(anonymous_6)
FNDA:0,(anonymous_7)
FNDA:0,(anonymous_8)
FNDA:0,(anonymous_9)
FNDA:0,(anonymous_10)
FNDA:0,(anonymous_11)
FNDA:0,(anonymous_12)
FNDA:12,(anonymous_13)
FNDA:6,(anonymous_14)
DA:7,10
DA:9,10
DA:10,10
DA:22,10
DA:23,10
DA:25,10
DA:26,10
DA:28,10
DA:30,10
DA:32,10
DA:33,10
DA:35,10
DA:37,10
DA:39,10
DA:41,10
DA:43,50
DA:45,50
DA:47,50
DA:48,2
DA:51,50
DA:52,1350
DA:53,209
DA:54,1141
DA:55,1045
DA:59,0
DA:60,0
DA:61,0
DA:66,50
DA:69,10
DA:70,0
DA:71,0
DA:74,10
DA:75,0
DA:77,0
DA:78,0
DA:81,0
DA:86,10
DA:87,0
DA:93,0
DA:94,0
DA:97,0
DA:98,0
DA:101,0
DA:104,10
DA:105,12
DA:107,12
DA:108,8
DA:115,12
DA:117,12
DA:120,10
DA:121,6
DA:123,6
DA:135,51
DA:138,51
DA:140,51
DA:142,51
DA:144,51
DA:146,51
DA:148,51
DA:150,51
DA:152,51
DA:154,51
DA:156,51
DA:158,51
DA:160,51
DA:162,51
DA:164,51
DA:166,51
DA:168,51
DA:170,51
DA:172,51
DA:174,51
DA:176,51
DA:178,51
DA:180,51
DA:183,10
DA:213,10
DA:244,51
DA:257,51
DA:260,0
DA:262,0
DA:269,51
DA:271,510
DA:272,510
DA:273,510
DA:274,510
DA:276,510
DA:277,510
DA:278,510
DA:280,510
DA:281,510
DA:282,510
DA:285,51
LF:93
LH:76
BRDA:45,0,0,50
BRDA:45,0,1,0
BRDA:47,1,0,2
BRDA:47,1,1,48
BRDA:52,2,0,209
BRDA:52,2,1,1141
BRDA:54,3,0,1045
BRDA:54,3,1,96
BRDA:60,4,0,0
BRDA:60,4,1,0
BRDA:70,5,0,0
BRDA:70,5,1,0
BRDA:77,6,0,0
BRDA:77,6,1,0
BRDA:93,7,0,0
BRDA:93,7,1,0
BRDA:107,8,0,8
BRDA:107,8,1,4
BRF:18
BRH:9
end_of_record
TN:
SF:C:\Users\leo.maradan\Code\github\leomaradan\ewo-node\src\engine\Characters\actions.ts
FN:12,(anonymous_0)
FN:22,(anonymous_1)
FN:36,(anonymous_2)
FN:44,(anonymous_3)
FN:52,(anonymous_4)
FN:58,(anonymous_5)
FN:62,(anonymous_6)
FN:66,(anonymous_7)
FNF:8
FNH:8
FNDA:7,(anonymous_0)
FNDA:7,(anonymous_1)
FNDA:4,(anonymous_2)
FNDA:2,(anonymous_3)
FNDA:1,(anonymous_4)
FNDA:3,(anonymous_5)
FNDA:3,(anonymous_6)
FNDA:4,(anonymous_7)
DA:12,7
DA:13,7
DA:14,7
DA:15,7
DA:22,7
DA:23,7
DA:24,7
DA:25,7
DA:36,7
DA:44,7
DA:52,7
DA:58,7
DA:62,7
DA:66,7
LF:14
LH:14
BRDA:12,0,0,7
BRDA:12,0,1,7
BRDA:22,1,0,7
BRDA:22,1,1,7
BRF:4
BRH:4
end_of_record
TN:
SF:C:\Users\leo.maradan\Code\github\leomaradan\ewo-node\src\engine\Characters\reducers.ts
FN:21,(anonymous_1)
FN:32,(anonymous_2)
FN:39,(anonymous_3)
FNF:3
FNH:3
FNDA:15,(anonymous_1)
FNDA:4,(anonymous_2)
FNDA:6,(anonymous_3)
DA:6,4
DA:9,4
DA:11,4
DA:12,4
DA:16,4
DA:17,4
DA:21,4
DA:22,15
DA:24,1
DA:26,1
DA:27,1
DA:29,2
DA:32,2
DA:34,4
DA:35,0
DA:37,4
DA:39,6
DA:41,4
DA:50,3
DA:51,3
DA:53,3
DA:54,3
DA:56,3
DA:58,1
DA:60,1
DA:63,7
LF:26
LH:25
BRDA:21,0,0,10
BRDA:23,1,0,1
BRDA:23,1,1,1
BRDA:23,1,2,2
BRDA:23,1,3,3
BRDA:23,1,4,1
BRDA:23,1,5,7
BRDA:34,2,0,0
BRDA:34,2,1,4
BRDA:34,3,0,4
BRDA:34,3,1,4
BRF:11
BRH:10
end_of_record
TN:
SF:C:\Users\leo.maradan\Code\github\leomaradan\ewo-node\src\engine\Commands\Command.ts
FN:10,(anonymous_0)
FN:16,(anonymous_1)
FNF:2
FNH:2
FNDA:5,(anonymous_0)
FNDA:5,(anonymous_1)
DA:10,5
DA:11,5
DA:12,5
DA:13,5
DA:16,5
DA:17,5
DA:18,5
DA:19,5
DA:20,5
DA:21,5
LF:10
LH:10
BRDA:10,0,0,5
BRDA:10,0,1,5
BRDA:16,1,0,5
BRDA:16,1,1,5
BRF:4
BRH:4
end_of_record
TN:
SF:C:\Users\leo.maradan\Code\github\leomaradan\ewo-node\src\engine\Commands\CommandsTools.ts
FN:10,(anonymous_0)
FN:27,(anonymous_1)
FN:32,(anonymous_2)
FN:37,(anonymous_3)
FNF:4
FNH:0
FNDA:0,(anonymous_0)
FNDA:0,(anonymous_1)
FNDA:0,(anonymous_2)
FNDA:0,(anonymous_3)
DA:6,3
DA:7,3
DA:8,3
DA:10,3
DA:12,0
DA:13,0
DA:15,0
DA:16,0
DA:18,0
DA:19,0
DA:21,0
DA:24,0
DA:27,3
DA:28,0
DA:29,0
DA:32,3
DA:33,0
DA:34,0
DA:37,3
DA:38,0
DA:39,0
DA:41,0
LF:22
LH:7
BRDA:14,0,0,0
BRDA:14,0,1,0
BRDA:14,0,2,0
BRDA:38,1,0,0
BRDA:38,1,1,0
BRF:5
BRH:0
end_of_record
TN:
SF:C:\Users\leo.maradan\Code\github\leomaradan\ewo-node\src\engine\Commands\CommandsTemplate\index.ts
FNF:0
FNH:0
DA:7,5
DA:8,5
DA:9,5
LF:3
LH:3
BRF:0
BRH:0
end_of_record
TN:
SF:C:\Users\leo.maradan\Code\github\leomaradan\ewo-node\src\engine\Commands\CommandsTemplate\motdCommand.ts
FN:28,(anonymous_1)
FN:32,(anonymous_2)
FN:44,(anonymous_3)
FN:47,(anonymous_4)
FNF:4
FNH:0
FNDA:0,(anonymous_1)
FNDA:0,(anonymous_2)
FNDA:0,(anonymous_3)
FNDA:0,(anonymous_4)
DA:6,5
DA:7,5
DA:9,5
DA:10,5
DA:22,5
DA:23,0
DA:29,0
DA:35,0
DA:37,0
DA:38,0
DA:41,0
DA:45,0
DA:46,0
DA:47,0
DA:48,0
DA:50,0
LF:16
LH:5
BRDA:37,0,0,0
BRDA:37,0,1,0
BRF:2
BRH:0
end_of_record
TN:
SF:C:\Users\leo.maradan\Code\github\leomaradan\ewo-node\src\engine\Commands\CommandsTemplate\moveCommand.ts
FN:30,(anonymous_0)
FN:34,(anonymous_1)
FN:87,(anonymous_2)
FNF:3
FNH:0
FNDA:0,(anonymous_0)
FNDA:0,(anonymous_1)
FNDA:0,(anonymous_2)
DA:6,5
DA:7,5
DA:8,5
DA:10,5
DA:23,5
DA:25,5
DA:26,0
DA:31,0
DA:37,0
DA:38,0
DA:40,0
DA:41,0
DA:44,0
DA:46,0
DA:49,0
DA:51,0
DA:55,0
DA:57,0
DA:59,0
DA:60,0
DA:64,0
DA:66,0
DA:69,0
DA:71,0
DA:73,0
DA:74,0
DA:84,0
DA:88,0
LF:28
LH:6
BRDA:40,0,0,0
BRDA:40,0,1,0
BRDA:44,1,0,0
BRDA:44,1,1,0
BRDA:49,2,0,0
BRDA:49,2,1,0
BRDA:59,3,0,0
BRDA:59,3,1,0
BRDA:73,4,0,0
BRDA:73,4,1,0
BRF:10
BRH:0
end_of_record
TN:
SF:C:\Users\leo.maradan\Code\github\leomaradan\ewo-node\src\engine\Commands\CommandsTemplate\saveDBCommand.ts
FN:9,(anonymous_0)
FN:14,(anonymous_1)
FN:19,(anonymous_2)
FNF:3
FNH:1
FNDA:1,(anonymous_0)
FNDA:0,(anonymous_1)
FNDA:0,(anonymous_2)
DA:6,5
DA:7,5
DA:9,5
DA:11,1
DA:16,0
DA:20,0
DA:21,0
LF:7
LH:4
BRF:0
BRH:0
end_of_record
TN:
SF:C:\Users\leo.maradan\Code\github\leomaradan\ewo-node\src\engine\Commands\tasks\index.ts
FNF:0
FNH:0
DA:7,3
DA:8,3
DA:9,3
LF:3
LH:3
BRF:0
BRH:0
end_of_record
TN:
SF:C:\Users\leo.maradan\Code\github\leomaradan\ewo-node\src\engine\Commands\tasks\loadDatabase.ts
FN:13,(anonymous_1)
FN:28,(anonymous_2)
FN:44,(anonymous_3)
FN:46,(anonymous_4)
FN:60,(anonymous_5)
FN:73,(anonymous_6)
FN:76,(anonymous_7)
FNF:7
FNH:0
FNDA:0,(anonymous_1)
FNDA:0,(anonymous_2)
FNDA:0,(anonymous_3)
FNDA:0,(anonymous_4)
FNDA:0,(anonymous_5)
FNDA:0,(anonymous_6)
FNDA:0,(anonymous_7)
DA:7,3
DA:8,3
DA:9,3
DA:13,3
DA:15,0
DA:17,0
DA:19,0
DA:20,0
DA:21,0
DA:24,0
DA:25,0
DA:27,0
DA:28,0
DA:29,0
DA:30,0
DA:31,0
DA:32,0
DA:35,0
DA:38,0
DA:41,0
DA:43,0
DA:44,0
DA:45,0
DA:46,0
DA:47,0
DA:48,0
DA:49,0
DA:50,0
DA:52,0
DA:56,0
DA:59,0
DA:60,0
DA:61,0
DA:62,0
DA:63,0
DA:64,0
DA:66,0
DA:69,0
DA:73,3
DA:74,0
DA:76,3
DA:77,0
LF:42
LH:6
BRDA:20,0,0,0
BRDA:20,0,1,0
BRDA:27,1,0,0
BRDA:27,1,1,0
BRDA:30,2,0,0
BRDA:30,2,1,0
BRDA:41,3,0,0
BRDA:41,3,1,0
BRDA:48,4,0,0
BRDA:48,4,1,0
BRDA:63,5,0,0
BRDA:63,5,1,0
BRF:12
BRH:0
end_of_record
TN:
SF:C:\Users\leo.maradan\Code\github\leomaradan\ewo-node\src\engine\Commands\tasks\runCommands.ts
FN:61,(anonymous_1)
FN:64,(anonymous_2)
FN:69,(anonymous_3)
FN:28,(anonymous_4)
FN:35,(anonymous_5)
FN:43,(anonymous_6)
FN:19,(anonymous_7)
FN:22,(anonymous_8)
FNF:8
FNH:0
FNDA:0,(anonymous_1)
FNDA:0,(anonymous_2)
FNDA:0,(anonymous_3)
FNDA:0,(anonymous_4)
FNDA:0,(anonymous_5)
FNDA:0,(anonymous_6)
FNDA:0,(anonymous_7)
FNDA:0,(anonymous_8)
DA:6,3
DA:8,3
DA:9,3
DA:10,3
DA:11,3
DA:13,3
DA:16,3
DA:19,3
DA:21,0
DA:23,0
DA:29,0
DA:30,0
DA:32,0
DA:36,0
DA:37,0
DA:38,0
DA:39,0
DA:40,0
DA:41,0
DA:42,0
DA:43,0
DA:44,0
DA:48,0
DA:49,0
DA:52,0
DA:53,0
DA:56,0
DA:59,3
DA:63,0
DA:65,0
DA:69,0
DA:70,0
DA:71,0
DA:72,0
DA:73,0
DA:74,0
DA:75,0
LF:37
LH:9
BRDA:71,0,0,0
BRDA:71,0,1,0
BRDA:29,1,0,0
BRDA:29,1,1,0
BRDA:38,2,0,0
BRDA:38,2,1,0
BRDA:39,3,0,0
BRDA:39,3,1,0
BRDA:41,4,0,0
BRDA:41,4,1,0
BRDA:48,5,0,0
BRDA:48,5,1,0
BRDA:52,6,0,0
BRDA:52,6,1,0
BRF:14
BRH:0
end_of_record
TN:
SF:C:\Users\leo.maradan\Code\github\leomaradan\ewo-node\src\engine\Commands\tasks\saveDatabase.ts
FN:12,(anonymous_1)
FN:28,(anonymous_2)
FN:41,(anonymous_3)
FN:45,(anonymous_4)
FNF:4
FNH:0
FNDA:0,(anonymous_1)
FNDA:0,(anonymous_2)
FNDA:0,(anonymous_3)
FNDA:0,(anonymous_4)
DA:6,3
DA:8,3
DA:12,3
DA:14,0
DA:15,0
DA:18,0
DA:20,0
DA:22,0
DA:24,0
DA:25,0
DA:26,0
DA:28,0
DA:32,0
DA:37,0
DA:40,3
DA:42,0
DA:44,3
DA:46,0
LF:18
LH:5
BRDA:14,0,0,0
BRDA:14,0,1,0
BRDA:24,1,0,0
BRDA:24,1,1,0
BRDA:25,2,0,0
BRDA:25,2,1,0
BRF:6
BRH:0
end_of_record
TN:
SF:C:\Users\leo.maradan\Code\github\leomaradan\ewo-node\src\engine\Maps\CoordsTools.ts
FN:10,(anonymous_0)
FN:12,(anonymous_1)
FN:21,(anonymous_2)
FN:40,(anonymous_3)
FN:52,(anonymous_4)
FNF:5
FNH:3
FNDA:5,(anonymous_0)
FNDA:7,(anonymous_1)
FNDA:4,(anonymous_2)
FNDA:0,(anonymous_3)
FNDA:0,(anonymous_4)
DA:5,4
DA:9,4
DA:10,4
DA:12,7
DA:14,5
DA:21,4
DA:23,4
DA:25,4
DA:26,3
DA:29,4
DA:30,3
DA:33,4
DA:34,3
DA:37,4
DA:40,4
DA:42,0
DA:44,0
DA:52,4
DA:54,0
DA:56,0
LF:20
LH:16
BRDA:15,0,0,4
BRDA:15,0,1,1
BRDA:16,1,0,4
BRDA:16,1,1,1
BRDA:17,2,0,3
BRDA:17,2,1,2
BRDA:25,3,0,3
BRDA:25,3,1,1
BRDA:29,4,0,3
BRDA:29,4,1,1
BRDA:33,5,0,3
BRDA:33,5,1,1
BRF:12
BRH:12
end_of_record
TN:
SF:C:\Users\leo.maradan\Code\github\leomaradan\ewo-node\src\engine\Maps\MapsTools.ts
FN:14,(anonymous_0)
FN:21,(anonymous_1)
FN:30,(anonymous_2)
FN:71,(anonymous_3)
FN:81,(anonymous_4)
FN:91,(anonymous_5)
FN:109,(anonymous_6)
FNF:7
FNH:5
FNDA:4,(anonymous_0)
FNDA:5,(anonymous_1)
FNDA:9,(anonymous_2)
FNDA:1,(anonymous_3)
FNDA:6,(anonymous_4)
FNDA:0,(anonymous_5)
FNDA:0,(anonymous_6)
DA:8,6
DA:9,6
DA:12,6
DA:14,6
DA:15,4
DA:17,4
DA:18,1
DA:21,5
DA:23,3
DA:24,2
DA:27,1
DA:30,6
DA:32,9
DA:33,9
DA:35,9
DA:37,1
DA:38,1
DA:40,1
DA:41,1
DA:43,1
DA:44,1
DA:46,1
DA:47,1
DA:49,1
DA:50,1
DA:51,1
DA:53,1
DA:54,1
DA:55,1
DA:57,1
DA:58,1
DA:59,1
DA:61,1
DA:62,1
DA:63,1
DA:65,1
DA:68,9
DA:71,6
DA:72,1
DA:73,1
DA:75,1
DA:76,1
DA:78,1
DA:80,1
DA:81,1
DA:82,6
DA:88,0
DA:91,6
DA:93,0
DA:95,0
DA:97,0
DA:99,0
DA:102,0
DA:104,0
DA:106,0
DA:109,6
DA:111,0
DA:113,0
DA:115,0
DA:117,0
DA:120,0
DA:122,0
DA:123,0
DA:125,0
DA:128,0
DA:129,0
DA:137,0
DA:142,0
DA:145,6
LF:69
LH:49
BRDA:17,0,0,1
BRDA:17,0,1,3
BRDA:21,1,0,5
BRDA:21,1,1,3
BRDA:23,2,0,2
BRDA:23,2,1,1
BRDA:36,3,0,1
BRDA:36,3,1,1
BRDA:36,3,2,1
BRDA:36,3,3,1
BRDA:36,3,4,1
BRDA:36,3,5,1
BRDA:36,3,6,1
BRDA:36,3,7,1
BRDA:36,3,8,1
BRDA:80,4,0,1
BRDA:80,4,1,0
BRDA:82,5,0,6
BRDA:82,5,1,6
BRDA:82,5,2,4
BRDA:82,5,3,4
BRDA:93,6,0,0
BRDA:93,6,1,0
BRDA:102,7,0,0
BRDA:102,7,1,0
BRDA:111,8,0,0
BRDA:111,8,1,0
BRF:27
BRH:20
end_of_record
TN:
SF:C:\Users\leo.maradan\Code\github\leomaradan\ewo-node\src\engine\Maps\actions.ts
FN:8,(anonymous_0)
FN:13,(anonymous_1)
FN:18,(anonymous_2)
FNF:3
FNH:3
FNDA:5,(anonymous_0)
FNDA:3,(anonymous_1)
FNDA:3,(anonymous_2)
DA:8,5
DA:9,5
DA:10,5
DA:13,5
DA:18,5
LF:5
LH:5
BRDA:8,0,0,5
BRDA:8,0,1,5
BRF:2
BRH:2
end_of_record
TN:
SF:C:\Users\leo.maradan\Code\github\leomaradan\ewo-node\src\engine\Maps\reducers.ts
FN:19,(anonymous_1)
FNF:1
FNH:1
FNDA:9,(anonymous_1)
DA:6,4
DA:8,4
DA:10,4
DA:11,4
DA:14,4
DA:15,4
DA:19,4
DA:20,9
DA:22,1
DA:24,1
DA:26,8
LF:11
LH:11
BRDA:19,0,0,9
BRDA:21,1,0,1
BRDA:21,1,1,1
BRDA:21,1,2,8
BRF:4
BRH:4
end_of_record
TN:
SF:C:\Users\leo.maradan\Code\github\leomaradan\ewo-node\src\engine\Maps\POV\POV.ts
FN:15,(anonymous_0)
FN:16,(anonymous_1)
FN:16,(anonymous_2)
FN:22,(anonymous_3)
FN:30,(anonymous_4)
FN:35,(anonymous_5)
FN:64,(anonymous_6)
FN:78,(anonymous_7)
FN:101,(anonymous_8)
FN:103,(anonymous_9)
FN:110,(anonymous_10)
FN:125,(anonymous_11)
FN:127,(anonymous_12)
FN:128,(anonymous_13)
FN:147,(anonymous_14)
FNF:15
FNH:15
FNDA:30,(anonymous_0)
FNDA:512,(anonymous_1)
FNDA:5476,(anonymous_2)
FNDA:30,(anonymous_3)
FNDA:512,(anonymous_4)
FNDA:5476,(anonymous_5)
FNDA:30,(anonymous_6)
FNDA:30,(anonymous_7)
FNDA:30,(anonymous_8)
FNDA:512,(anonymous_9)
FNDA:5476,(anonymous_10)
FNDA:30,(anonymous_11)
FNDA:256,(anonymous_12)
FNDA:2738,(anonymous_13)
FNDA:512,(anonymous_14)
DA:13,1
DA:16,5476
DA:23,30
DA:24,30
DA:25,30
DA:26,30
DA:28,30
DA:30,30
DA:31,512
DA:32,512
DA:33,512
DA:34,512
DA:35,512
DA:36,5476
DA:38,5476
DA:39,5476
DA:40,5476
DA:41,5476
DA:43,5476
DA:44,5476
DA:45,5476
DA:46,5476
DA:50,512
DA:51,512
DA:52,512
DA:53,512
DA:57,30
DA:65,30
DA:67,30
DA:69,30
DA:70,256
DA:71,256
DA:72,2738
DA:74,256
DA:79,30
DA:81,30
DA:82,256
DA:83,256
DA:85,30
DA:87,30
DA:89,30
DA:90,30
DA:91,30
DA:93,30
DA:94,30
DA:96,0
DA:103,30
DA:104,512
DA:105,512
DA:106,512
DA:108,512
DA:110,512
DA:111,5476
DA:112,5476
DA:114,5476
DA:116,2738
DA:120,512
DA:127,30
DA:128,256
DA:129,2738
DA:130,0
DA:135,30
DA:148,512
DA:149,512
DA:150,512
DA:151,512
DA:153,512
DA:154,512
DA:157,512
DA:158,226
DA:159,226
DA:160,226
DA:161,226
DA:162,226
DA:163,226
DA:166,512
DA:167,0
DA:168,0
DA:169,0
DA:170,0
DA:171,0
DA:172,0
DA:176,512
DA:177,512
DA:178,512
DA:179,512
DA:180,512
DA:182,512
DA:183,512
DA:184,4964
DA:185,4964
DA:186,4964
DA:187,2482
DA:188,2482
DA:192,512
DA:194,0
DA:197,0
DA:199,0
DA:203,512
LF:99
LH:88
BRDA:93,0,0,30
BRDA:93,0,1,0
BRDA:114,1,0,2738
BRDA:114,1,1,2738
BRDA:129,2,0,0
BRDA:129,2,1,2738
BRDA:147,3,0,0
BRDA:157,4,0,226
BRDA:157,4,1,286
BRDA:166,5,0,0
BRDA:166,5,1,512
BRDA:182,6,0,0
BRDA:182,6,1,512
BRDA:184,7,0,2256
BRDA:184,7,1,2708
BRDA:186,8,0,2482
BRDA:186,8,1,2482
BRDA:192,9,0,0
BRDA:192,9,1,512
BRDA:194,10,0,0
BRDA:194,10,1,0
BRF:21
BRH:13
end_of_record
TN:
SF:C:\Users\leo.maradan\Code\github\leomaradan\ewo-node\src\engine\Users\UsersTools.ts
FN:12,(anonymous_0)
FN:23,(anonymous_1)
FN:49,(anonymous_2)
FN:50,(anonymous_3)
FN:52,(anonymous_4)
FNF:5
FNH:5
FNDA:5,(anonymous_0)
FNDA:5,(anonymous_1)
FNDA:3,(anonymous_2)
FNDA:9,(anonymous_3)
FNDA:3,(anonymous_4)
DA:8,4
DA:11,4
DA:12,4
DA:13,5
DA:23,4
DA:24,5
DA:26,5
DA:27,4
DA:30,5
DA:31,4
DA:34,5
DA:35,4
DA:38,5
DA:39,4
DA:42,5
DA:43,5
DA:46,5
DA:49,4
DA:50,9
DA:52,3
LF:20
LH:20
BRDA:14,0,0,4
BRDA:14,0,1,1
BRDA:15,1,0,4
BRDA:15,1,1,1
BRDA:16,2,0,4
BRDA:16,2,1,1
BRDA:17,3,0,4
BRDA:17,3,1,1
BRDA:18,4,0,1
BRDA:18,4,1,4
BRDA:26,5,0,4
BRDA:26,5,1,1
BRDA:30,6,0,4
BRDA:30,6,1,1
BRDA:34,7,0,4
BRDA:34,7,1,1
BRDA:38,8,0,4
BRDA:38,8,1,1
BRDA:42,9,0,5
BRDA:42,9,1,0
BRF:20
BRH:19
end_of_record
TN:
SF:C:\Users\leo.maradan\Code\github\leomaradan\ewo-node\src\engine\Users\actions.ts
FN:8,(anonymous_0)
FN:16,(anonymous_1)
FN:21,(anonymous_2)
FN:27,(anonymous_3)
FN:32,(anonymous_4)
FN:36,(anonymous_5)
FNF:6
FNH:6
FNDA:6,(anonymous_0)
FNDA:2,(anonymous_1)
FNDA:2,(anonymous_2)
FNDA:2,(anonymous_3)
FNDA:3,(anonymous_4)
FNDA:3,(anonymous_5)
DA:8,6
DA:9,6
DA:10,6
DA:11,6
DA:12,6
DA:13,6
DA:16,6
DA:21,6
DA:27,6
DA:32,6
DA:36,6
LF:11
LH:11
BRDA:8,0,0,6
BRDA:8,0,1,6
BRF:2
BRH:2
end_of_record
TN:
SF:C:\Users\leo.maradan\Code\github\leomaradan\ewo-node\src\engine\Users\reducers.ts
FN:20,(anonymous_0)
FN:30,(anonymous_1)
FN:32,(anonymous_2)
FN:35,(anonymous_3)
FN:37,(anonymous_4)
FNF:5
FNH:5
FNDA:12,(anonymous_0)
FNDA:1,(anonymous_1)
FNDA:1,(anonymous_2)
FNDA:1,(anonymous_3)
FNDA:1,(anonymous_4)
DA:6,4
DA:7,4
DA:8,4
DA:10,4
DA:12,4
DA:13,4
DA:15,4
DA:16,4
DA:20,4
DA:21,12
DA:24,1
DA:25,1
DA:26,1
DA:27,1
DA:30,1
DA:32,1
DA:35,1
DA:37,1
DA:40,1
DA:43,1
DA:44,1
DA:46,7
LF:22
LH:22
BRDA:20,0,0,9
BRDA:23,1,0,1
BRDA:23,1,1,1
BRDA:23,1,2,1
BRDA:23,1,3,1
BRDA:23,1,4,1
BRDA:23,1,5,7
BRF:7
BRH:7
end_of_record
TN:
SF:C:\Users\leo.maradan\Code\github\leomaradan\ewo-node\src\engine\models\Direction.ts
FN:6,(anonymous_0)
FNF:1
FNH:1
FNDA:10,(anonymous_0)
DA:6,10
DA:7,10
DA:8,10
DA:9,10
DA:10,10
DA:11,10
DA:12,10
DA:13,10
DA:14,10
LF:9
LH:9
BRDA:6,0,0,10
BRDA:6,0,1,10
BRF:2
BRH:2
end_of_record
TN:
SF:C:\Users\leo.maradan\Code\github\leomaradan\ewo-node\src\engine\models\Maps.ts
FN:21,(anonymous_0)
FNF:1
FNH:1
FNDA:10,(anonymous_0)
DA:21,10
DA:22,10
DA:23,10
LF:3
LH:3
BRDA:21,0,0,10
BRDA:21,0,1,10
BRF:2
BRH:2
end_of_record
TN:
SF:C:\Users\leo.maradan\Code\github\leomaradan\ewo-node\src\engine\models\User.ts
FN:15,(anonymous_0)
FNF:1
FNH:1
FNDA:10,(anonymous_0)
DA:15,10
DA:16,10
DA:17,10
DA:18,10
DA:19,10
LF:5
LH:5
BRDA:15,0,0,10
BRDA:15,0,1,10
BRF:2
BRH:2
end_of_record
TN:
SF:C:\Users\leo.maradan\Code\github\leomaradan\ewo-node\src\engine\models\index.ts
FNF:0
FNH:0
DA:8,10
DA:9,10
DA:10,10
DA:12,10
DA:14,10
DA:15,10
DA:16,10
LF:7
LH:7
BRF:0
BRH:0
end_of_record
TN:
SF:C:\Users\leo.maradan\Code\github\leomaradan\ewo-node\src\engine\models\Character\Character.ts
FN:10,(anonymous_0)
FN:234,(anonymous_1)
FNF:2
FNH:2
FNDA:10,(anonymous_0)
FNDA:10,(anonymous_1)
DA:10,10
DA:11,10
DA:12,10
DA:13,10
DA:14,10
DA:15,10
DA:16,10
DA:17,10
DA:18,10
DA:19,10
DA:20,10
DA:234,10
DA:235,10
DA:236,10
DA:237,10
DA:238,10
LF:16
LH:16
BRDA:10,0,0,10
BRDA:10,0,1,10
BRDA:234,1,0,10
BRDA:234,1,1,10
BRF:4
BRH:4
end_of_record
TN:
SF:C:\Users\leo.maradan\Code\github\leomaradan\ewo-node\src\engine\models\Character\Classes.ts
FN:1,(anonymous_0)
FNF:1
FNH:1
FNDA:10,(anonymous_0)
DA:1,10
DA:2,10
LF:2
LH:2
BRDA:1,0,0,10
BRDA:1,0,1,10
BRF:2
BRH:2
end_of_record
TN:
SF:C:\Users\leo.maradan\Code\github\leomaradan\ewo-node\src\engine\models\Character\Genre.ts
FN:1,(anonymous_0)
FN:7,(anonymous_1)
FNF:2
FNH:1
FNDA:10,(anonymous_0)
FNDA:0,(anonymous_1)
DA:1,10
DA:2,10
DA:3,10
DA:4,10
DA:7,10
DA:8,0
DA:9,0
DA:10,0
DA:11,0
DA:12,0
LF:10
LH:5
BRDA:1,0,0,10
BRDA:1,0,1,10
BRDA:9,1,0,0
BRDA:9,1,1,0
BRDA:9,1,2,0
BRDA:9,1,3,0
BRDA:9,1,4,0
BRDA:9,1,5,0
BRDA:9,1,6,0
BRF:9
BRH:2
end_of_record
TN:
SF:C:\Users\leo.maradan\Code\github\leomaradan\ewo-node\src\engine\models\Character\Race.ts
FN:41,(anonymous_0)
FNF:1
FNH:1
FNDA:10,(anonymous_0)
DA:41,10
DA:42,10
DA:43,10
DA:44,10
DA:45,10
DA:46,10
DA:47,10
LF:7
LH:7
BRDA:41,0,0,10
BRDA:41,0,1,10
BRF:2
BRH:2
end_of_record
TN:
SF:C:\Users\leo.maradan\Code\github\leomaradan\ewo-node\src\engine\resources\Grade.ts
FN:4,(anonymous_0)
FNF:1
FNH:1
FNDA:510,(anonymous_0)
DA:4,10
DA:5,510
DA:18,510
DA:20,510
DA:22,60
DA:28,60
DA:29,20
DA:36,60
DA:37,20
DA:44,60
DA:45,20
DA:54,510
DA:55,60
DA:62,60
DA:63,0
DA:70,60
DA:71,20
DA:78,60
DA:79,20
DA:86,60
DA:87,20
DA:96,510
DA:97,80
DA:108,80
DA:109,20
DA:116,80
DA:117,20
DA:125,80
DA:126,20
DA:137,510
DA:138,80
DA:149,80
DA:150,20
DA:158,80
DA:159,20
DA:167,80
DA:168,20
DA:179,510
LF:38
LH:37
BRDA:20,0,0,60
BRDA:20,0,1,450
BRDA:20,1,0,510
BRDA:20,1,1,140
BRDA:28,2,0,20
BRDA:28,2,1,40
BRDA:36,3,0,20
BRDA:36,3,1,40
BRDA:44,4,0,20
BRDA:44,4,1,40
BRDA:54,5,0,60
BRDA:54,5,1,450
BRDA:54,6,0,510
BRDA:54,6,1,60
BRDA:62,7,0,0
BRDA:62,7,1,60
BRDA:70,8,0,20
BRDA:70,8,1,40
BRDA:78,9,0,20
BRDA:78,9,1,40
BRDA:86,10,0,20
BRDA:86,10,1,40
BRDA:96,11,0,80
BRDA:96,11,1,430
BRDA:108,12,0,20
BRDA:108,12,1,60
BRDA:116,13,0,20
BRDA:116,13,1,60
BRDA:125,14,0,20
BRDA:125,14,1,60
BRDA:137,15,0,80
BRDA:137,15,1,430
BRDA:149,16,0,20
BRDA:149,16,1,60
BRDA:158,17,0,20
BRDA:158,17,1,60
BRDA:167,18,0,20
BRDA:167,18,1,60
BRF:38
BRH:37
end_of_record
TN:
SF:C:\Users\leo.maradan\Code\github\leomaradan\ewo-node\src\engine\resources\Maps.ts
FNF:0
FNH:0
DA:8,10
DA:9,10
DA:10,10
DA:12,10
LF:4
LH:4
BRF:0
BRH:0
end_of_record
TN:
SF:C:\Users\leo.maradan\Code\github\leomaradan\ewo-node\src\engine\resources\Race.ts
FNF:0
FNH:0
DA:1,10
DA:2,10
DA:3,10
DA:10,10
DA:23,10
DA:29,10
DA:40,10
DA:51,10
DA:62,10
DA:73,10
DA:84,10
DA:95,10
DA:104,10
LF:13
LH:13
BRF:0
BRH:0
end_of_record
TN:
SF:C:\Users\leo.maradan\Code\github\leomaradan\ewo-node\src\engine\resources\index.ts
FNF:0
FNH:0
DA:7,10
DA:8,10
DA:9,10
LF:3
LH:3
BRF:0
BRH:0
end_of_record
TN:
SF:C:\Users\leo.maradan\Code\github\leomaradan\ewo-node\src\engine\resources\strings.ts
FNF:0
FNH:0
DA:1,10
LF:1
LH:1
BRF:0
BRH:0
end_of_record
TN:
SF:C:\Users\leo.maradan\Code\github\leomaradan\ewo-node\src\engine\resources\maps\map_demo.ts
FNF:0
FNH:0
DA:1,1
LF:1
LH:1
BRF:0
BRH:0
end_of_record
TN:
SF:C:\Users\leo.maradan\Code\github\leomaradan\ewo-node\src\server\auth.ts
FN:10,(anonymous_0)
FN:20,(anonymous_1)
FN:37,(anonymous_2)
FN:45,(anonymous_3)
FN:53,(anonymous_4)
FNF:5
FNH:0
FNDA:0,(anonymous_0)
FNDA:0,(anonymous_1)
FNDA:0,(anonymous_2)
FNDA:0,(anonymous_3)
FNDA:0,(anonymous_4)
DA:6,0
DA:8,0
DA:10,0
DA:12,0
DA:13,0
DA:15,0
DA:16,0
DA:20,0
DA:22,0
DA:24,0
DA:25,0
DA:26,0
DA:29,0
DA:30,0
DA:32,0
DA:37,0
DA:38,0
DA:39,0
DA:41,0
DA:45,0
DA:46,0
DA:47,0
DA:49,0
DA:53,0
LF:24
LH:0
BRDA:12,0,0,0
BRDA:12,0,1,0
BRDA:12,1,0,0
BRDA:12,1,1,0
BRDA:22,2,0,0
BRDA:22,2,1,0
BRDA:24,3,0,0
BRDA:24,3,1,0
BRDA:29,4,0,0
BRDA:29,4,1,0
BRDA:38,5,0,0
BRDA:38,5,1,0
BRDA:38,6,0,0
BRDA:38,6,1,0
BRDA:46,7,0,0
BRDA:46,7,1,0
BRDA:46,8,0,0
BRDA:46,8,1,0
BRF:18
BRH:0
end_of_record
TN:
SF:C:\Users\leo.maradan\Code\github\leomaradan\ewo-node\src\server\eventReceiver.ts
FN:8,(anonymous_1)
FN:9,(anonymous_2)
FN:15,(anonymous_3)
FN:19,(anonymous_4)
FNF:4
FNH:0
FNDA:0,(anonymous_1)
FNDA:0,(anonymous_2)
FNDA:0,(anonymous_3)
FNDA:0,(anonymous_4)
DA:6,0
DA:8,0
DA:9,0
DA:10,0
DA:11,0
DA:15,0
DA:16,0
DA:19,0
DA:20,0
DA:21,0
LF:10
LH:0
BRF:0
BRH:0
end_of_record
TN:
SF:C:\Users\leo.maradan\Code\github\leomaradan\ewo-node\src\server\express.ts
FN:20,(anonymous_1)
FN:32,(anonymous_2)
FN:54,(anonymous_3)
FN:66,(anonymous_4)
FNF:4
FNH:0
FNDA:0,(anonymous_1)
FNDA:0,(anonymous_2)
FNDA:0,(anonymous_3)
FNDA:0,(anonymous_4)
DA:6,0
DA:7,0
DA:8,0
DA:9,0
DA:10,0
DA:11,0
DA:12,0
DA:13,0
DA:15,0
DA:21,0
DA:24,0
DA:25,0
DA:27,0
DA:30,0
DA:41,0
DA:42,0
DA:43,0
DA:44,0
DA:45,0
DA:51,0
DA:52,0
DA:53,0
DA:54,0
DA:55,0
DA:56,0
DA:58,0
DA:61,0
DA:62,0
DA:63,0
DA:66,0
DA:68,0
DA:69,0
DA:72,0
DA:73,0
DA:76,0
LF:35
LH:0
BRDA:55,0,0,0
BRDA:55,0,1,0
BRDA:69,1,0,0
BRDA:69,1,1,0
BRDA:72,2,0,0
BRDA:72,2,1,0
BRF:6
BRH:0
end_of_record
TN:
SF:C:\Users\leo.maradan\Code\github\leomaradan\ewo-node\src\server\server.ts
FN:30,(anonymous_1)
FN:32,(anonymous_2)
FN:32,(anonymous_3)
FN:48,(anonymous_4)
FN:65,(anonymous_5)
FN:85,(anonymous_6)
FN:114,(anonymous_7)
FNF:7
FNH:0
FNDA:0,(anonymous_1)
FNDA:0,(anonymous_2)
FNDA:0,(anonymous_3)
FNDA:0,(anonymous_4)
FNDA:0,(anonymous_5)
FNDA:0,(anonymous_6)
FNDA:0,(anonymous_7)
DA:7,0
DA:8,0
DA:9,0
DA:13,0
DA:23,0
DA:32,0
DA:33,0
DA:34,0
DA:37,0
DA:39,0
DA:41,0
DA:43,0
DA:44,0
DA:50,0
DA:52,0
DA:54,0
DA:55,0
DA:56,0
DA:58,0
DA:66,0
DA:68,0
DA:70,0
DA:73,0
DA:75,0
DA:78,0
DA:86,0
DA:87,0
DA:90,0
DA:92,0
DA:97,0
DA:99,0
DA:100,0
DA:101,0
DA:103,0
DA:104,0
DA:105,0
DA:107,0
DA:115,0
DA:117,0
DA:118,0
DA:119,0
DA:120,0
DA:123,0
DA:126,0
DA:127,0
LF:45
LH:0
BRDA:39,0,0,0
BRDA:39,0,1,0
BRDA:68,1,0,0
BRDA:68,1,1,0
BRDA:73,2,0,0
BRDA:73,2,1,0
BRDA:86,3,0,0
BRDA:86,3,1,0
BRDA:93,4,0,0
BRDA:93,4,1,0
BRDA:98,5,0,0
BRDA:98,5,1,0
BRDA:98,5,2,0
BRDA:117,6,0,0
BRDA:117,6,1,0
BRDA:117,7,0,0
BRDA:117,7,1,0
BRDA:124,8,0,0
BRDA:124,8,1,0
BRF:19
BRH:0
end_of_record
TN:
SF:C:\Users\leo.maradan\Code\github\leomaradan\ewo-node\src\server\socket.ts
FN:23,(anonymous_0)
FN:24,(anonymous_1)
FN:27,(anonymous_2)
FN:56,(anonymous_3)
FN:62,(anonymous_4)
FN:67,(anonymous_5)
FN:71,(anonymous_6)
FN:92,(anonymous_7)
FN:101,(anonymous_8)
FN:121,(anonymous_9)
FN:145,(anonymous_10)
FN:149,(anonymous_11)
FNF:12
FNH:0
FNDA:0,(anonymous_0)
FNDA:0,(anonymous_1)
FNDA:0,(anonymous_2)
FNDA:0,(anonymous_3)
FNDA:0,(anonymous_4)
FNDA:0,(anonymous_5)
FNDA:0,(anonymous_6)
FNDA:0,(anonymous_7)
FNDA:0,(anonymous_8)
FNDA:0,(anonymous_9)
FNDA:0,(anonymous_10)
FNDA:0,(anonymous_11)
DA:6,0
DA:7,0
DA:8,0
DA:10,0
DA:11,0
DA:14,0
DA:23,0
DA:24,0
DA:26,0
DA:27,0
DA:29,0
DA:31,0
DA:33,0
DA:34,0
DA:36,0
DA:38,0
DA:47,0
DA:48,0
DA:50,0
DA:56,0
DA:58,0
DA:60,0
DA:62,0
DA:63,0
DA:66,0
DA:71,0
DA:73,0
DA:75,0
DA:77,0
DA:78,0
DA:79,0
DA:80,0
DA:83,0
DA:84,0
DA:85,0
DA:86,0
DA:92,0
DA:94,0
DA:96,0
DA:97,0
DA:101,0
DA:103,0
DA:104,0
DA:105,0
DA:107,0
DA:114,0
DA:117,0
DA:119,0
DA:121,0
DA:122,0
DA:123,0
DA:125,0
DA:126,0
DA:131,0
DA:145,0
DA:147,0
DA:148,0
DA:149,0
LF:58
LH:0
BRDA:33,0,0,0
BRDA:33,0,1,0
BRDA:77,1,0,0
BRDA:77,1,1,0
BRDA:83,2,0,0
BRDA:83,2,1,0
BRDA:94,3,0,0
BRDA:94,3,1,0
BRDA:96,4,0,0
BRDA:96,4,1,0
BRDA:103,5,0,0
BRDA:103,5,1,0
BRDA:147,6,0,0
BRDA:147,6,1,0
BRF:14
BRH:0
end_of_record
TN:
SF:C:\Users\leo.maradan\Code\github\leomaradan\ewo-node\src\server\routes\characters.ts
FN:19,(anonymous_0)
FN:20,(anonymous_1)
FN:21,(anonymous_2)
FN:24,(anonymous_3)
FN:28,(anonymous_4)
FN:28,(anonymous_5)
FN:31,(anonymous_6)
FN:33,(anonymous_7)
FN:33,(anonymous_8)
FN:38,(anonymous_9)
FN:59,(anonymous_10)
FN:63,(anonymous_11)
FN:68,(anonymous_12)
FN:76,(anonymous_13)
FN:91,(anonymous_14)
FNF:15
FNH:0
FNDA:0,(anonymous_0)
FNDA:0,(anonymous_1)
FNDA:0,(anonymous_2)
FNDA:0,(anonymous_3)
FNDA:0,(anonymous_4)
FNDA:0,(anonymous_5)
FNDA:0,(anonymous_6)
FNDA:0,(anonymous_7)
FNDA:0,(anonymous_8)
FNDA:0,(anonymous_9)
FNDA:0,(anonymous_10)
FNDA:0,(anonymous_11)
FNDA:0,(anonymous_12)
FNDA:0,(anonymous_13)
FNDA:0,(anonymous_14)
DA:6,0
DA:7,0
DA:8,0
DA:9,0
DA:10,0
DA:11,0
DA:13,0
DA:15,0
DA:19,0
DA:20,0
DA:21,0
DA:23,0
DA:24,0
DA:27,0
DA:28,0
DA:31,0
DA:33,0
DA:38,0
DA:40,0
DA:42,0
DA:48,0
DA:49,0
DA:51,0
DA:54,0
DA:59,0
DA:60,0
DA:61,0
DA:63,0
DA:64,0
DA:68,0
DA:70,0
DA:72,0
DA:73,0
DA:76,0
DA:79,0
DA:80,0
DA:93,0
DA:95,0
DA:97,0
DA:103,0
DA:105,0
DA:108,0
DA:109,0
DA:110,0
DA:114,0
LF:45
LH:0
BRDA:23,0,0,0
BRDA:23,0,1,0
BRDA:27,1,0,0
BRDA:27,1,1,0
BRDA:33,2,0,0
BRDA:33,2,1,0
BRDA:48,3,0,0
BRDA:48,3,1,0
BRDA:60,4,0,0
BRDA:60,4,1,0
BRDA:72,5,0,0
BRDA:72,5,1,0
BRDA:72,6,0,0
BRDA:72,6,1,0
BRDA:95,7,0,0
BRDA:95,7,1,0
BRF:16
BRH:0
end_of_record
TN:
SF:C:\Users\leo.maradan\Code\github\leomaradan\ewo-node\src\server\routes\index.ts
FN:11,(anonymous_0)
FNF:1
FNH:0
FNDA:0,(anonymous_0)
DA:6,0
DA:8,0
DA:11,0
DA:12,0
DA:15,0
LF:5
LH:0
BRF:0
BRH:0
end_of_record
TN:
SF:C:\Users\leo.maradan\Code\github\leomaradan\ewo-node\src\server\routes\users.ts
FN:21,(anonymous_0)
FN:25,(anonymous_1)
FN:29,(anonymous_2)
FN:33,(anonymous_3)
FN:35,(anonymous_4)
FN:43,(anonymous_5)
FN:47,(anonymous_6)
FN:63,(anonymous_7)
FN:66,(anonymous_8)
FN:101,(anonymous_9)
FN:116,(anonymous_10)
FNF:11
FNH:0
FNDA:0,(anonymous_0)
FNDA:0,(anonymous_1)
FNDA:0,(anonymous_2)
FNDA:0,(anonymous_3)
FNDA:0,(anonymous_4)
FNDA:0,(anonymous_5)
FNDA:0,(anonymous_6)
FNDA:0,(anonymous_7)
FNDA:0,(anonymous_8)
FNDA:0,(anonymous_9)
FNDA:0,(anonymous_10)
DA:6,0
DA:8,0
DA:9,0
DA:10,0
DA:12,0
DA:14,0
DA:21,0
DA:22,0
DA:25,0
DA:26,0
DA:29,0
DA:30,0
DA:33,0
DA:34,0
DA:35,0
DA:36,0
DA:38,0
DA:43,0
DA:44,0
DA:45,0
DA:47,0
DA:48,0
DA:52,0
DA:53,0
DA:63,0
DA:68,0
DA:70,0
DA:72,0
DA:77,0
DA:79,0
DA:81,0
DA:83,0
DA:85,0
DA:86,0
DA:88,0
DA:89,0
DA:90,0
DA:94,0
DA:103,0
DA:105,0
DA:107,0
DA:112,0
DA:114,0
DA:116,0
DA:117,0
DA:120,0
DA:121,0
DA:122,0
DA:123,0
DA:124,0
DA:126,0
DA:132,0
LF:52
LH:0
BRDA:44,0,0,0
BRDA:44,0,1,0
BRDA:48,1,0,0
BRDA:48,1,1,0
BRDA:70,2,0,0
BRDA:70,2,1,0
BRDA:105,3,0,0
BRDA:105,3,1,0
BRDA:121,4,0,0
BRDA:121,4,1,0
BRDA:121,5,0,0
BRDA:121,5,1,0
BRF:12
BRH:0
end_of_record
